
state 0:

	$accept : _ input_line $end
	assignment : _	(20)

	'('	shift 15
	'-'	shift 16
	'@'	shift 17
	T_NOT	shift 18
	L_REAL	shift 19
	L_BOOL	shift 20
	L_HEX	shift 21
	T_IDENTIFIER	shift 22
	L_INT	shift 23
	T_STRING	shift 24
	T_READLN	shift 25
	T_WRITELN	shift 26
	T_READ	shift 27
	T_WRITE	shift 28
	T_SIN	shift 29
	T_COS	shift 30
	T_TAN	shift 31
	T_COTAN	shift 32
	T_SQR	shift 33
	T_EXP	shift 34
	T_LN	shift 35
	T_ABS	shift 36
	T_SQRT	shift 37
	T_LEN	shift 38
	T_RAND	shift 39
	T_TRUNC	shift 40
	T_NEW	shift 41
	T_DISPOSE	shift 42
	T_BREAK	shift 43
	T_CONTINUE	shift 44
	T_EXIT	shift 45
	T_ASSIGN	shift 46
	T_RESET	shift 47
	T_REWRITE	shift 48
	T_APPEND	shift 49
	T_CLOSE	shift 50
	T_EOF	shift 51
	T_EOLN	shift 52
	T_SETLEN	shift 53
	T_NIL	shift 54
	T_ORD	shift 55
	T_CHR	shift 56
	T_PI	shift 57
	$end	reduce 20
	';'	reduce 20
	.	error

	routine_call	goto 1
	range	goto 2
	case	goto 3
	output	goto 4
	input	goto 5
	condition	goto 6
	assignment	goto 7
	input_line	goto 8
	struct_exp	goto 9
	valid_identifier	goto 10
	var_const	goto 11
	routine	goto 12
	table_exp	goto 13
	statement	goto 14

state 1:

	input_line : routine_call _	(7)
	routine_call : routine_call _ ';'

	';'	shift 58
	$end	reduce 7
	.	error

state 2:

	*** conflicts:

	shift 59, reduce 116 on ','
	reduce 6, reduce 116 on $end

	input_line : range _	(6)
	range : range _ ',' statement
	case : range _	(116)
	case : range _ T_DBLDOT range

	','	shift 59
	T_DBLDOT	shift 60
	$end	reduce 6
	.	error

state 3:

	input_line : case _	(5)
	case : case _ ',' case

	','	shift 61
	$end	reduce 5
	.	error

state 4:

	input_line : output _	(4)
	output : output _ ';'

	';'	shift 62
	$end	reduce 4
	.	error

state 5:

	input_line : input _	(3)
	input : input _ ';'

	';'	shift 63
	$end	reduce 3
	.	error

state 6:

	input_line : condition _	(2)
	condition : condition _ T_AND condition
	condition : condition _ T_OR condition

	T_OR	shift 64
	T_AND	shift 65
	$end	reduce 2
	.	error

state 7:

	input_line : assignment _	(1)
	assignment : assignment _ ';'
	assignment : assignment _ ';' assignment

	';'	shift 66
	$end	reduce 1
	.	error

state 8:

	$accept : input_line _ $end

	$end	accept
	.	error

state 9:

	assignment : struct_exp _ T_ASSIGN_SIGN statement
	statement : struct_exp _	(48)
	struct_exp : struct_exp _ '^'

	'^'	shift 67
	T_ASSIGN_SIGN	shift 68
	$end	reduce 48
	'*'	reduce 48
	'+'	reduce 48
	','	reduce 48
	'-'	reduce 48
	'/'	reduce 48
	'='	reduce 48
	T_DIV	reduce 48
	T_MOD	reduce 48
	GL	reduce 48
	GE	reduce 48
	LE	reduce 48
	NE	reduce 48
	T_DBLDOT	reduce 48
	.	error

state 10:

	var_const : valid_identifier _	(72)
	routine : valid_identifier _ '(' parameters_list ')'

	'('	shift 69
	$end	reduce 72
	')'	reduce 72
	'*'	reduce 72
	'+'	reduce 72
	','	reduce 72
	'-'	reduce 72
	'.'	reduce 72
	'/'	reduce 72
	':'	reduce 72
	';'	reduce 72
	'='	reduce 72
	'['	reduce 72
	']'	reduce 72
	'^'	reduce 72
	T_OR	reduce 72
	T_AND	reduce 72
	T_DIV	reduce 72
	T_MOD	reduce 72
	GL	reduce 72
	GE	reduce 72
	LE	reduce 72
	NE	reduce 72
	T_ASSIGN_SIGN	reduce 72
	T_DBLDOT	reduce 72
	.	error

state 11:

	assignment : var_const _ T_ASSIGN_SIGN statement
	assignment : var_const _ '^' T_ASSIGN_SIGN statement
	assignment : var_const _ T_ASSIGN_SIGN condition
	statement : var_const _	(43)
	statement : var_const _ '^'
	struct_exp : var_const _ '.' valid_identifier
	struct_exp : var_const _ '^' '.' valid_identifier
	table_exp : var_const _ '[' table_index ']'

	'.'	shift 70
	'['	shift 71
	'^'	shift 72
	T_ASSIGN_SIGN	shift 73
	$end	reduce 43
	'*'	reduce 43
	'+'	reduce 43
	','	reduce 43
	'-'	reduce 43
	'/'	reduce 43
	'='	reduce 43
	T_DIV	reduce 43
	T_MOD	reduce 43
	GL	reduce 43
	GE	reduce 43
	LE	reduce 43
	NE	reduce 43
	T_DBLDOT	reduce 43
	.	error

state 12:

	*** conflicts:

	reduce 11, reduce 44 on $end

	routine_call : routine _	(11)
	statement : routine _	(44)

	$end	reduce 11
	';'	reduce 11
	'*'	reduce 44
	'+'	reduce 44
	','	reduce 44
	'-'	reduce 44
	'/'	reduce 44
	'='	reduce 44
	T_DIV	reduce 44
	T_MOD	reduce 44
	GL	reduce 44
	GE	reduce 44
	LE	reduce 44
	NE	reduce 44
	T_DBLDOT	reduce 44
	.	error

state 13:

	assignment : table_exp _ T_ASSIGN_SIGN statement
	statement : table_exp _	(45)
	struct_exp : table_exp _ '.' valid_identifier
	table_exp : table_exp _ '^'

	'.'	shift 74
	'^'	shift 75
	T_ASSIGN_SIGN	shift 76
	$end	reduce 45
	'*'	reduce 45
	'+'	reduce 45
	','	reduce 45
	'-'	reduce 45
	'/'	reduce 45
	'='	reduce 45
	T_DIV	reduce 45
	T_MOD	reduce 45
	GL	reduce 45
	GE	reduce 45
	LE	reduce 45
	NE	reduce 45
	T_DBLDOT	reduce 45
	.	error

state 14:

	statement : statement _ '+' statement
	statement : statement _ '-' statement
	statement : statement _ '*' statement
	statement : statement _ '/' statement
	statement : statement _ T_DIV statement
	statement : statement _ T_MOD statement
	condition : statement _ '=' statement
	condition : statement _ GL statement
	condition : statement _ GE statement
	condition : statement _ LE statement
	condition : statement _ NE statement
	range : statement _	(114)

	'*'	shift 77
	'+'	shift 78
	'-'	shift 79
	'/'	shift 80
	'='	shift 81
	T_DIV	shift 82
	T_MOD	shift 83
	GL	shift 84
	GE	shift 85
	LE	shift 86
	NE	shift 87
	$end	reduce 114
	','	reduce 114
	T_DBLDOT	reduce 114
	.	error

state 15:

	statement : '(' _ statement ')'
	condition : '(' _ condition ')'

	'('	shift 15
	'-'	shift 16
	'@'	shift 17
	T_NOT	shift 18
	L_REAL	shift 19
	L_BOOL	shift 20
	L_HEX	shift 21
	T_IDENTIFIER	shift 22
	L_INT	shift 23
	T_STRING	shift 24
	T_SIN	shift 29
	T_COS	shift 30
	T_TAN	shift 31
	T_COTAN	shift 32
	T_SQR	shift 33
	T_EXP	shift 34
	T_LN	shift 35
	T_ABS	shift 36
	T_SQRT	shift 37
	T_LEN	shift 38
	T_RAND	shift 39
	T_TRUNC	shift 40
	T_NEW	shift 41
	T_DISPOSE	shift 42
	T_ASSIGN	shift 46
	T_RESET	shift 47
	T_REWRITE	shift 48
	T_APPEND	shift 49
	T_CLOSE	shift 50
	T_EOF	shift 51
	T_EOLN	shift 52
	T_SETLEN	shift 53
	T_NIL	shift 54
	T_ORD	shift 55
	T_CHR	shift 56
	T_PI	shift 57
	.	error

	condition	goto 88
	struct_exp	goto 89
	valid_identifier	goto 10
	var_const	goto 90
	routine	goto 91
	table_exp	goto 92
	statement	goto 93

state 16:

	statement : '-' _ statement

	'('	shift 95
	'-'	shift 16
	'@'	shift 17
	L_REAL	shift 19
	L_BOOL	shift 20
	L_HEX	shift 21
	T_IDENTIFIER	shift 22
	L_INT	shift 23
	T_STRING	shift 24
	T_SIN	shift 29
	T_COS	shift 30
	T_TAN	shift 31
	T_COTAN	shift 32
	T_SQR	shift 33
	T_EXP	shift 34
	T_LN	shift 35
	T_ABS	shift 36
	T_SQRT	shift 37
	T_LEN	shift 38
	T_RAND	shift 39
	T_TRUNC	shift 40
	T_NEW	shift 41
	T_DISPOSE	shift 42
	T_ASSIGN	shift 46
	T_RESET	shift 47
	T_REWRITE	shift 48
	T_APPEND	shift 49
	T_CLOSE	shift 50
	T_EOF	shift 51
	T_EOLN	shift 52
	T_SETLEN	shift 53
	T_NIL	shift 54
	T_ORD	shift 55
	T_CHR	shift 56
	T_PI	shift 57
	.	error

	struct_exp	goto 89
	valid_identifier	goto 10
	var_const	goto 90
	routine	goto 91
	table_exp	goto 92
	statement	goto 94

state 17:

	statement : '@' _ var_const
	statement : '@' _ table_exp
	statement : '@' _ struct_exp

	T_IDENTIFIER	shift 22
	.	error

	struct_exp	goto 96
	valid_identifier	goto 97
	var_const	goto 98
	table_exp	goto 99

state 18:

	condition : T_NOT _ condition

	'('	shift 15
	'-'	shift 16
	'@'	shift 17
	T_NOT	shift 18
	L_REAL	shift 19
	L_BOOL	shift 20
	L_HEX	shift 21
	T_IDENTIFIER	shift 22
	L_INT	shift 23
	T_STRING	shift 24
	T_SIN	shift 29
	T_COS	shift 30
	T_TAN	shift 31
	T_COTAN	shift 32
	T_SQR	shift 33
	T_EXP	shift 34
	T_LN	shift 35
	T_ABS	shift 36
	T_SQRT	shift 37
	T_LEN	shift 38
	T_RAND	shift 39
	T_TRUNC	shift 40
	T_NEW	shift 41
	T_DISPOSE	shift 42
	T_ASSIGN	shift 46
	T_RESET	shift 47
	T_REWRITE	shift 48
	T_APPEND	shift 49
	T_CLOSE	shift 50
	T_EOF	shift 51
	T_EOLN	shift 52
	T_SETLEN	shift 53
	T_NIL	shift 54
	T_ORD	shift 55
	T_CHR	shift 56
	T_PI	shift 57
	.	error

	condition	goto 100
	struct_exp	goto 89
	valid_identifier	goto 10
	var_const	goto 90
	routine	goto 91
	table_exp	goto 92
	statement	goto 101

state 19:

	statement : L_REAL _	(40)

	.	reduce 40

state 20:

	statement : L_BOOL _	(41)

	.	reduce 41

state 21:

	statement : L_HEX _	(47)

	.	reduce 47

state 22:

	valid_identifier : T_IDENTIFIER _	(71)

	.	reduce 71

state 23:

	statement : L_INT _	(39)

	.	reduce 39

state 24:

	statement : T_STRING _	(46)

	.	reduce 46

state 25:

	input : T_READLN _ '(' list_read ')'
	input : T_READLN _ '(' ')'
	input : T_READLN _	(24)

	'('	shift 102
	$end	reduce 24
	';'	reduce 24
	.	error

state 26:

	output : T_WRITELN _ '(' output_statement ')'
	output : T_WRITELN _ '(' ')'
	output : T_WRITELN _	(36)

	'('	shift 103
	$end	reduce 36
	';'	reduce 36
	.	error

state 27:

	input : T_READ _ '(' list_read ')'
	input : T_READ _ '(' ')'
	input : T_READ _	(26)

	'('	shift 104
	$end	reduce 26
	';'	reduce 26
	.	error

state 28:

	output : T_WRITE _ '(' output_statement ')'
	output : T_WRITE _ '(' ')'
	output : T_WRITE _	(37)

	'('	shift 105
	$end	reduce 37
	';'	reduce 37
	.	error

state 29:

	routine : T_SIN _ '(' statement ')'

	'('	shift 106
	.	error

state 30:

	routine : T_COS _ '(' statement ')'

	'('	shift 107
	.	error

state 31:

	routine : T_TAN _ '(' statement ')'

	'('	shift 108
	.	error

state 32:

	routine : T_COTAN _ '(' statement ')'

	'('	shift 109
	.	error

state 33:

	routine : T_SQR _ '(' statement ')'

	'('	shift 110
	.	error

state 34:

	routine : T_EXP _ '(' statement ')'

	'('	shift 111
	.	error

state 35:

	routine : T_LN _ '(' statement ')'

	'('	shift 112
	.	error

state 36:

	routine : T_ABS _ '(' statement ')'

	'('	shift 113
	.	error

state 37:

	routine : T_SQRT _ '(' statement ')'

	'('	shift 114
	.	error

state 38:

	routine : T_LEN _ '(' statement ')'
	routine : T_LEN _ '(' var_const ')'

	'('	shift 115
	.	error

state 39:

	routine : T_RAND _ '(' '-' L_INT ')'
	routine : T_RAND _ '(' statement ')'

	'('	shift 116
	.	error

state 40:

	routine : T_TRUNC _ '(' statement ')'

	'('	shift 117
	.	error

state 41:

	routine : T_NEW _ '(' statement ')'

	'('	shift 118
	.	error

state 42:

	routine : T_DISPOSE _ '(' statement ')'

	'('	shift 119
	.	error

state 43:

	routine_call : T_BREAK _	(8)

	.	reduce 8

state 44:

	routine_call : T_CONTINUE _	(10)

	.	reduce 10

state 45:

	routine_call : T_EXIT _	(9)

	.	reduce 9

state 46:

	routine : T_ASSIGN _ '(' var_const ',' statement ')'

	'('	shift 120
	.	error

state 47:

	routine : T_RESET _ '(' var_const ')'

	'('	shift 121
	.	error

state 48:

	routine : T_REWRITE _ '(' var_const ')'

	'('	shift 122
	.	error

state 49:

	routine : T_APPEND _ '(' var_const ')'

	'('	shift 123
	.	error

state 50:

	routine : T_CLOSE _ '(' var_const ')'

	'('	shift 124
	.	error

state 51:

	routine : T_EOF _ '(' var_const ')'

	'('	shift 125
	.	error

state 52:

	routine : T_EOLN _ '(' var_const ')'

	'('	shift 126
	.	error

state 53:

	routine : T_SETLEN _ '(' var_const ',' statement ')'

	'('	shift 127
	.	error

state 54:

	statement : T_NIL _	(42)

	.	reduce 42

state 55:

	routine : T_ORD _ '(' statement ')'

	'('	shift 128
	.	error

state 56:

	routine : T_CHR _ '(' statement ')'

	'('	shift 129
	.	error

state 57:

	statement : T_PI _	(49)

	.	reduce 49

state 58:

	routine_call : routine_call ';' _	(12)

	.	reduce 12

state 59:

	range : range ',' _ statement

	'('	shift 95
	'-'	shift 16
	'@'	shift 17
	L_REAL	shift 19
	L_BOOL	shift 20
	L_HEX	shift 21
	T_IDENTIFIER	shift 22
	L_INT	shift 23
	T_STRING	shift 24
	T_SIN	shift 29
	T_COS	shift 30
	T_TAN	shift 31
	T_COTAN	shift 32
	T_SQR	shift 33
	T_EXP	shift 34
	T_LN	shift 35
	T_ABS	shift 36
	T_SQRT	shift 37
	T_LEN	shift 38
	T_RAND	shift 39
	T_TRUNC	shift 40
	T_NEW	shift 41
	T_DISPOSE	shift 42
	T_ASSIGN	shift 46
	T_RESET	shift 47
	T_REWRITE	shift 48
	T_APPEND	shift 49
	T_CLOSE	shift 50
	T_EOF	shift 51
	T_EOLN	shift 52
	T_SETLEN	shift 53
	T_NIL	shift 54
	T_ORD	shift 55
	T_CHR	shift 56
	T_PI	shift 57
	.	error

	struct_exp	goto 89
	valid_identifier	goto 10
	var_const	goto 90
	routine	goto 91
	table_exp	goto 92
	statement	goto 130

state 60:

	case : range T_DBLDOT _ range

	'('	shift 95
	'-'	shift 16
	'@'	shift 17
	L_REAL	shift 19
	L_BOOL	shift 20
	L_HEX	shift 21
	T_IDENTIFIER	shift 22
	L_INT	shift 23
	T_STRING	shift 24
	T_SIN	shift 29
	T_COS	shift 30
	T_TAN	shift 31
	T_COTAN	shift 32
	T_SQR	shift 33
	T_EXP	shift 34
	T_LN	shift 35
	T_ABS	shift 36
	T_SQRT	shift 37
	T_LEN	shift 38
	T_RAND	shift 39
	T_TRUNC	shift 40
	T_NEW	shift 41
	T_DISPOSE	shift 42
	T_ASSIGN	shift 46
	T_RESET	shift 47
	T_REWRITE	shift 48
	T_APPEND	shift 49
	T_CLOSE	shift 50
	T_EOF	shift 51
	T_EOLN	shift 52
	T_SETLEN	shift 53
	T_NIL	shift 54
	T_ORD	shift 55
	T_CHR	shift 56
	T_PI	shift 57
	.	error

	range	goto 131
	struct_exp	goto 89
	valid_identifier	goto 10
	var_const	goto 90
	routine	goto 91
	table_exp	goto 92
	statement	goto 132

state 61:

	case : case ',' _ case

	'('	shift 95
	'-'	shift 16
	'@'	shift 17
	L_REAL	shift 19
	L_BOOL	shift 20
	L_HEX	shift 21
	T_IDENTIFIER	shift 22
	L_INT	shift 23
	T_STRING	shift 24
	T_SIN	shift 29
	T_COS	shift 30
	T_TAN	shift 31
	T_COTAN	shift 32
	T_SQR	shift 33
	T_EXP	shift 34
	T_LN	shift 35
	T_ABS	shift 36
	T_SQRT	shift 37
	T_LEN	shift 38
	T_RAND	shift 39
	T_TRUNC	shift 40
	T_NEW	shift 41
	T_DISPOSE	shift 42
	T_ASSIGN	shift 46
	T_RESET	shift 47
	T_REWRITE	shift 48
	T_APPEND	shift 49
	T_CLOSE	shift 50
	T_EOF	shift 51
	T_EOLN	shift 52
	T_SETLEN	shift 53
	T_NIL	shift 54
	T_ORD	shift 55
	T_CHR	shift 56
	T_PI	shift 57
	.	error

	range	goto 133
	case	goto 134
	struct_exp	goto 89
	valid_identifier	goto 10
	var_const	goto 90
	routine	goto 91
	table_exp	goto 92
	statement	goto 132

state 62:

	output : output ';' _	(38)

	.	reduce 38

state 63:

	input : input ';' _	(27)

	.	reduce 27

state 64:

	condition : condition T_OR _ condition

	'('	shift 15
	'-'	shift 16
	'@'	shift 17
	T_NOT	shift 18
	L_REAL	shift 19
	L_BOOL	shift 20
	L_HEX	shift 21
	T_IDENTIFIER	shift 22
	L_INT	shift 23
	T_STRING	shift 24
	T_SIN	shift 29
	T_COS	shift 30
	T_TAN	shift 31
	T_COTAN	shift 32
	T_SQR	shift 33
	T_EXP	shift 34
	T_LN	shift 35
	T_ABS	shift 36
	T_SQRT	shift 37
	T_LEN	shift 38
	T_RAND	shift 39
	T_TRUNC	shift 40
	T_NEW	shift 41
	T_DISPOSE	shift 42
	T_ASSIGN	shift 46
	T_RESET	shift 47
	T_REWRITE	shift 48
	T_APPEND	shift 49
	T_CLOSE	shift 50
	T_EOF	shift 51
	T_EOLN	shift 52
	T_SETLEN	shift 53
	T_NIL	shift 54
	T_ORD	shift 55
	T_CHR	shift 56
	T_PI	shift 57
	.	error

	condition	goto 135
	struct_exp	goto 89
	valid_identifier	goto 10
	var_const	goto 90
	routine	goto 91
	table_exp	goto 92
	statement	goto 101

state 65:

	condition : condition T_AND _ condition

	'('	shift 15
	'-'	shift 16
	'@'	shift 17
	T_NOT	shift 18
	L_REAL	shift 19
	L_BOOL	shift 20
	L_HEX	shift 21
	T_IDENTIFIER	shift 22
	L_INT	shift 23
	T_STRING	shift 24
	T_SIN	shift 29
	T_COS	shift 30
	T_TAN	shift 31
	T_COTAN	shift 32
	T_SQR	shift 33
	T_EXP	shift 34
	T_LN	shift 35
	T_ABS	shift 36
	T_SQRT	shift 37
	T_LEN	shift 38
	T_RAND	shift 39
	T_TRUNC	shift 40
	T_NEW	shift 41
	T_DISPOSE	shift 42
	T_ASSIGN	shift 46
	T_RESET	shift 47
	T_REWRITE	shift 48
	T_APPEND	shift 49
	T_CLOSE	shift 50
	T_EOF	shift 51
	T_EOLN	shift 52
	T_SETLEN	shift 53
	T_NIL	shift 54
	T_ORD	shift 55
	T_CHR	shift 56
	T_PI	shift 57
	.	error

	condition	goto 136
	struct_exp	goto 89
	valid_identifier	goto 10
	var_const	goto 90
	routine	goto 91
	table_exp	goto 92
	statement	goto 101

state 66:

	*** conflicts:

	reduce 18, reduce 20 on $end
	reduce 18, reduce 20 on ';'

	assignment : assignment ';' _	(18)
	assignment : assignment ';' _ assignment
	assignment : _	(20)

	T_IDENTIFIER	shift 22
	$end	reduce 18
	';'	reduce 18
	.	error

	assignment	goto 137
	struct_exp	goto 138
	valid_identifier	goto 97
	var_const	goto 139
	table_exp	goto 140

state 67:

	struct_exp : struct_exp '^' _	(106)

	.	reduce 106

state 68:

	assignment : struct_exp T_ASSIGN_SIGN _ statement

	'('	shift 95
	'-'	shift 16
	'@'	shift 17
	L_REAL	shift 19
	L_BOOL	shift 20
	L_HEX	shift 21
	T_IDENTIFIER	shift 22
	L_INT	shift 23
	T_STRING	shift 24
	T_SIN	shift 29
	T_COS	shift 30
	T_TAN	shift 31
	T_COTAN	shift 32
	T_SQR	shift 33
	T_EXP	shift 34
	T_LN	shift 35
	T_ABS	shift 36
	T_SQRT	shift 37
	T_LEN	shift 38
	T_RAND	shift 39
	T_TRUNC	shift 40
	T_NEW	shift 41
	T_DISPOSE	shift 42
	T_ASSIGN	shift 46
	T_RESET	shift 47
	T_REWRITE	shift 48
	T_APPEND	shift 49
	T_CLOSE	shift 50
	T_EOF	shift 51
	T_EOLN	shift 52
	T_SETLEN	shift 53
	T_NIL	shift 54
	T_ORD	shift 55
	T_CHR	shift 56
	T_PI	shift 57
	.	error

	struct_exp	goto 89
	valid_identifier	goto 10
	var_const	goto 90
	routine	goto 91
	table_exp	goto 92
	statement	goto 141

state 69:

	routine : valid_identifier '(' _ parameters_list ')'
	parameters_list : _	(102)

	'('	shift 95
	'-'	shift 16
	'@'	shift 17
	L_REAL	shift 19
	L_BOOL	shift 20
	L_HEX	shift 21
	T_IDENTIFIER	shift 22
	L_INT	shift 23
	T_STRING	shift 24
	T_SIN	shift 29
	T_COS	shift 30
	T_TAN	shift 31
	T_COTAN	shift 32
	T_SQR	shift 33
	T_EXP	shift 34
	T_LN	shift 35
	T_ABS	shift 36
	T_SQRT	shift 37
	T_LEN	shift 38
	T_RAND	shift 39
	T_TRUNC	shift 40
	T_NEW	shift 41
	T_DISPOSE	shift 42
	T_ASSIGN	shift 46
	T_RESET	shift 47
	T_REWRITE	shift 48
	T_APPEND	shift 49
	T_CLOSE	shift 50
	T_EOF	shift 51
	T_EOLN	shift 52
	T_SETLEN	shift 53
	T_NIL	shift 54
	T_ORD	shift 55
	T_CHR	shift 56
	T_PI	shift 57
	')'	reduce 102
	','	reduce 102
	.	error

	parameters_list	goto 142
	struct_exp	goto 89
	valid_identifier	goto 10
	var_const	goto 90
	routine	goto 91
	table_exp	goto 92
	statement	goto 143

state 70:

	struct_exp : var_const '.' _ valid_identifier

	T_IDENTIFIER	shift 22
	.	error

	valid_identifier	goto 144

state 71:

	table_exp : var_const '[' _ table_index ']'

	'('	shift 95
	'-'	shift 16
	'@'	shift 17
	L_REAL	shift 19
	L_BOOL	shift 20
	L_HEX	shift 21
	T_IDENTIFIER	shift 22
	L_INT	shift 23
	T_STRING	shift 24
	T_SIN	shift 29
	T_COS	shift 30
	T_TAN	shift 31
	T_COTAN	shift 32
	T_SQR	shift 33
	T_EXP	shift 34
	T_LN	shift 35
	T_ABS	shift 36
	T_SQRT	shift 37
	T_LEN	shift 38
	T_RAND	shift 39
	T_TRUNC	shift 40
	T_NEW	shift 41
	T_DISPOSE	shift 42
	T_ASSIGN	shift 46
	T_RESET	shift 47
	T_REWRITE	shift 48
	T_APPEND	shift 49
	T_CLOSE	shift 50
	T_EOF	shift 51
	T_EOLN	shift 52
	T_SETLEN	shift 53
	T_NIL	shift 54
	T_ORD	shift 55
	T_CHR	shift 56
	T_PI	shift 57
	.	error

	table_index	goto 145
	struct_exp	goto 89
	valid_identifier	goto 10
	var_const	goto 90
	routine	goto 91
	table_exp	goto 92
	statement	goto 146

state 72:

	assignment : var_const '^' _ T_ASSIGN_SIGN statement
	statement : var_const '^' _	(50)
	struct_exp : var_const '^' _ '.' valid_identifier

	'.'	shift 147
	T_ASSIGN_SIGN	shift 148
	$end	reduce 50
	'*'	reduce 50
	'+'	reduce 50
	','	reduce 50
	'-'	reduce 50
	'/'	reduce 50
	'='	reduce 50
	T_DIV	reduce 50
	T_MOD	reduce 50
	GL	reduce 50
	GE	reduce 50
	LE	reduce 50
	NE	reduce 50
	T_DBLDOT	reduce 50
	.	error

state 73:

	assignment : var_const T_ASSIGN_SIGN _ statement
	assignment : var_const T_ASSIGN_SIGN _ condition

	'('	shift 15
	'-'	shift 16
	'@'	shift 17
	T_NOT	shift 18
	L_REAL	shift 19
	L_BOOL	shift 20
	L_HEX	shift 21
	T_IDENTIFIER	shift 22
	L_INT	shift 23
	T_STRING	shift 24
	T_SIN	shift 29
	T_COS	shift 30
	T_TAN	shift 31
	T_COTAN	shift 32
	T_SQR	shift 33
	T_EXP	shift 34
	T_LN	shift 35
	T_ABS	shift 36
	T_SQRT	shift 37
	T_LEN	shift 38
	T_RAND	shift 39
	T_TRUNC	shift 40
	T_NEW	shift 41
	T_DISPOSE	shift 42
	T_ASSIGN	shift 46
	T_RESET	shift 47
	T_REWRITE	shift 48
	T_APPEND	shift 49
	T_CLOSE	shift 50
	T_EOF	shift 51
	T_EOLN	shift 52
	T_SETLEN	shift 53
	T_NIL	shift 54
	T_ORD	shift 55
	T_CHR	shift 56
	T_PI	shift 57
	.	error

	condition	goto 149
	struct_exp	goto 89
	valid_identifier	goto 10
	var_const	goto 90
	routine	goto 91
	table_exp	goto 92
	statement	goto 150

state 74:

	struct_exp : table_exp '.' _ valid_identifier

	T_IDENTIFIER	shift 22
	.	error

	valid_identifier	goto 151

state 75:

	table_exp : table_exp '^' _	(110)

	.	reduce 110

state 76:

	assignment : table_exp T_ASSIGN_SIGN _ statement

	'('	shift 95
	'-'	shift 16
	'@'	shift 17
	L_REAL	shift 19
	L_BOOL	shift 20
	L_HEX	shift 21
	T_IDENTIFIER	shift 22
	L_INT	shift 23
	T_STRING	shift 24
	T_SIN	shift 29
	T_COS	shift 30
	T_TAN	shift 31
	T_COTAN	shift 32
	T_SQR	shift 33
	T_EXP	shift 34
	T_LN	shift 35
	T_ABS	shift 36
	T_SQRT	shift 37
	T_LEN	shift 38
	T_RAND	shift 39
	T_TRUNC	shift 40
	T_NEW	shift 41
	T_DISPOSE	shift 42
	T_ASSIGN	shift 46
	T_RESET	shift 47
	T_REWRITE	shift 48
	T_APPEND	shift 49
	T_CLOSE	shift 50
	T_EOF	shift 51
	T_EOLN	shift 52
	T_SETLEN	shift 53
	T_NIL	shift 54
	T_ORD	shift 55
	T_CHR	shift 56
	T_PI	shift 57
	.	error

	struct_exp	goto 89
	valid_identifier	goto 10
	var_const	goto 90
	routine	goto 91
	table_exp	goto 92
	statement	goto 152

state 77:

	statement : statement '*' _ statement

	'('	shift 95
	'-'	shift 16
	'@'	shift 17
	L_REAL	shift 19
	L_BOOL	shift 20
	L_HEX	shift 21
	T_IDENTIFIER	shift 22
	L_INT	shift 23
	T_STRING	shift 24
	T_SIN	shift 29
	T_COS	shift 30
	T_TAN	shift 31
	T_COTAN	shift 32
	T_SQR	shift 33
	T_EXP	shift 34
	T_LN	shift 35
	T_ABS	shift 36
	T_SQRT	shift 37
	T_LEN	shift 38
	T_RAND	shift 39
	T_TRUNC	shift 40
	T_NEW	shift 41
	T_DISPOSE	shift 42
	T_ASSIGN	shift 46
	T_RESET	shift 47
	T_REWRITE	shift 48
	T_APPEND	shift 49
	T_CLOSE	shift 50
	T_EOF	shift 51
	T_EOLN	shift 52
	T_SETLEN	shift 53
	T_NIL	shift 54
	T_ORD	shift 55
	T_CHR	shift 56
	T_PI	shift 57
	.	error

	struct_exp	goto 89
	valid_identifier	goto 10
	var_const	goto 90
	routine	goto 91
	table_exp	goto 92
	statement	goto 153

state 78:

	statement : statement '+' _ statement

	'('	shift 95
	'-'	shift 16
	'@'	shift 17
	L_REAL	shift 19
	L_BOOL	shift 20
	L_HEX	shift 21
	T_IDENTIFIER	shift 22
	L_INT	shift 23
	T_STRING	shift 24
	T_SIN	shift 29
	T_COS	shift 30
	T_TAN	shift 31
	T_COTAN	shift 32
	T_SQR	shift 33
	T_EXP	shift 34
	T_LN	shift 35
	T_ABS	shift 36
	T_SQRT	shift 37
	T_LEN	shift 38
	T_RAND	shift 39
	T_TRUNC	shift 40
	T_NEW	shift 41
	T_DISPOSE	shift 42
	T_ASSIGN	shift 46
	T_RESET	shift 47
	T_REWRITE	shift 48
	T_APPEND	shift 49
	T_CLOSE	shift 50
	T_EOF	shift 51
	T_EOLN	shift 52
	T_SETLEN	shift 53
	T_NIL	shift 54
	T_ORD	shift 55
	T_CHR	shift 56
	T_PI	shift 57
	.	error

	struct_exp	goto 89
	valid_identifier	goto 10
	var_const	goto 90
	routine	goto 91
	table_exp	goto 92
	statement	goto 154

state 79:

	statement : statement '-' _ statement

	'('	shift 95
	'-'	shift 16
	'@'	shift 17
	L_REAL	shift 19
	L_BOOL	shift 20
	L_HEX	shift 21
	T_IDENTIFIER	shift 22
	L_INT	shift 23
	T_STRING	shift 24
	T_SIN	shift 29
	T_COS	shift 30
	T_TAN	shift 31
	T_COTAN	shift 32
	T_SQR	shift 33
	T_EXP	shift 34
	T_LN	shift 35
	T_ABS	shift 36
	T_SQRT	shift 37
	T_LEN	shift 38
	T_RAND	shift 39
	T_TRUNC	shift 40
	T_NEW	shift 41
	T_DISPOSE	shift 42
	T_ASSIGN	shift 46
	T_RESET	shift 47
	T_REWRITE	shift 48
	T_APPEND	shift 49
	T_CLOSE	shift 50
	T_EOF	shift 51
	T_EOLN	shift 52
	T_SETLEN	shift 53
	T_NIL	shift 54
	T_ORD	shift 55
	T_CHR	shift 56
	T_PI	shift 57
	.	error

	struct_exp	goto 89
	valid_identifier	goto 10
	var_const	goto 90
	routine	goto 91
	table_exp	goto 92
	statement	goto 155

state 80:

	statement : statement '/' _ statement

	'('	shift 95
	'-'	shift 16
	'@'	shift 17
	L_REAL	shift 19
	L_BOOL	shift 20
	L_HEX	shift 21
	T_IDENTIFIER	shift 22
	L_INT	shift 23
	T_STRING	shift 24
	T_SIN	shift 29
	T_COS	shift 30
	T_TAN	shift 31
	T_COTAN	shift 32
	T_SQR	shift 33
	T_EXP	shift 34
	T_LN	shift 35
	T_ABS	shift 36
	T_SQRT	shift 37
	T_LEN	shift 38
	T_RAND	shift 39
	T_TRUNC	shift 40
	T_NEW	shift 41
	T_DISPOSE	shift 42
	T_ASSIGN	shift 46
	T_RESET	shift 47
	T_REWRITE	shift 48
	T_APPEND	shift 49
	T_CLOSE	shift 50
	T_EOF	shift 51
	T_EOLN	shift 52
	T_SETLEN	shift 53
	T_NIL	shift 54
	T_ORD	shift 55
	T_CHR	shift 56
	T_PI	shift 57
	.	error

	struct_exp	goto 89
	valid_identifier	goto 10
	var_const	goto 90
	routine	goto 91
	table_exp	goto 92
	statement	goto 156

state 81:

	condition : statement '=' _ statement

	'('	shift 95
	'-'	shift 16
	'@'	shift 17
	L_REAL	shift 19
	L_BOOL	shift 20
	L_HEX	shift 21
	T_IDENTIFIER	shift 22
	L_INT	shift 23
	T_STRING	shift 24
	T_SIN	shift 29
	T_COS	shift 30
	T_TAN	shift 31
	T_COTAN	shift 32
	T_SQR	shift 33
	T_EXP	shift 34
	T_LN	shift 35
	T_ABS	shift 36
	T_SQRT	shift 37
	T_LEN	shift 38
	T_RAND	shift 39
	T_TRUNC	shift 40
	T_NEW	shift 41
	T_DISPOSE	shift 42
	T_ASSIGN	shift 46
	T_RESET	shift 47
	T_REWRITE	shift 48
	T_APPEND	shift 49
	T_CLOSE	shift 50
	T_EOF	shift 51
	T_EOLN	shift 52
	T_SETLEN	shift 53
	T_NIL	shift 54
	T_ORD	shift 55
	T_CHR	shift 56
	T_PI	shift 57
	.	error

	struct_exp	goto 89
	valid_identifier	goto 10
	var_const	goto 90
	routine	goto 91
	table_exp	goto 92
	statement	goto 157

state 82:

	statement : statement T_DIV _ statement

	'('	shift 95
	'-'	shift 16
	'@'	shift 17
	L_REAL	shift 19
	L_BOOL	shift 20
	L_HEX	shift 21
	T_IDENTIFIER	shift 22
	L_INT	shift 23
	T_STRING	shift 24
	T_SIN	shift 29
	T_COS	shift 30
	T_TAN	shift 31
	T_COTAN	shift 32
	T_SQR	shift 33
	T_EXP	shift 34
	T_LN	shift 35
	T_ABS	shift 36
	T_SQRT	shift 37
	T_LEN	shift 38
	T_RAND	shift 39
	T_TRUNC	shift 40
	T_NEW	shift 41
	T_DISPOSE	shift 42
	T_ASSIGN	shift 46
	T_RESET	shift 47
	T_REWRITE	shift 48
	T_APPEND	shift 49
	T_CLOSE	shift 50
	T_EOF	shift 51
	T_EOLN	shift 52
	T_SETLEN	shift 53
	T_NIL	shift 54
	T_ORD	shift 55
	T_CHR	shift 56
	T_PI	shift 57
	.	error

	struct_exp	goto 89
	valid_identifier	goto 10
	var_const	goto 90
	routine	goto 91
	table_exp	goto 92
	statement	goto 158

state 83:

	statement : statement T_MOD _ statement

	'('	shift 95
	'-'	shift 16
	'@'	shift 17
	L_REAL	shift 19
	L_BOOL	shift 20
	L_HEX	shift 21
	T_IDENTIFIER	shift 22
	L_INT	shift 23
	T_STRING	shift 24
	T_SIN	shift 29
	T_COS	shift 30
	T_TAN	shift 31
	T_COTAN	shift 32
	T_SQR	shift 33
	T_EXP	shift 34
	T_LN	shift 35
	T_ABS	shift 36
	T_SQRT	shift 37
	T_LEN	shift 38
	T_RAND	shift 39
	T_TRUNC	shift 40
	T_NEW	shift 41
	T_DISPOSE	shift 42
	T_ASSIGN	shift 46
	T_RESET	shift 47
	T_REWRITE	shift 48
	T_APPEND	shift 49
	T_CLOSE	shift 50
	T_EOF	shift 51
	T_EOLN	shift 52
	T_SETLEN	shift 53
	T_NIL	shift 54
	T_ORD	shift 55
	T_CHR	shift 56
	T_PI	shift 57
	.	error

	struct_exp	goto 89
	valid_identifier	goto 10
	var_const	goto 90
	routine	goto 91
	table_exp	goto 92
	statement	goto 159

state 84:

	condition : statement GL _ statement

	'('	shift 95
	'-'	shift 16
	'@'	shift 17
	L_REAL	shift 19
	L_BOOL	shift 20
	L_HEX	shift 21
	T_IDENTIFIER	shift 22
	L_INT	shift 23
	T_STRING	shift 24
	T_SIN	shift 29
	T_COS	shift 30
	T_TAN	shift 31
	T_COTAN	shift 32
	T_SQR	shift 33
	T_EXP	shift 34
	T_LN	shift 35
	T_ABS	shift 36
	T_SQRT	shift 37
	T_LEN	shift 38
	T_RAND	shift 39
	T_TRUNC	shift 40
	T_NEW	shift 41
	T_DISPOSE	shift 42
	T_ASSIGN	shift 46
	T_RESET	shift 47
	T_REWRITE	shift 48
	T_APPEND	shift 49
	T_CLOSE	shift 50
	T_EOF	shift 51
	T_EOLN	shift 52
	T_SETLEN	shift 53
	T_NIL	shift 54
	T_ORD	shift 55
	T_CHR	shift 56
	T_PI	shift 57
	.	error

	struct_exp	goto 89
	valid_identifier	goto 10
	var_const	goto 90
	routine	goto 91
	table_exp	goto 92
	statement	goto 160

state 85:

	condition : statement GE _ statement

	'('	shift 95
	'-'	shift 16
	'@'	shift 17
	L_REAL	shift 19
	L_BOOL	shift 20
	L_HEX	shift 21
	T_IDENTIFIER	shift 22
	L_INT	shift 23
	T_STRING	shift 24
	T_SIN	shift 29
	T_COS	shift 30
	T_TAN	shift 31
	T_COTAN	shift 32
	T_SQR	shift 33
	T_EXP	shift 34
	T_LN	shift 35
	T_ABS	shift 36
	T_SQRT	shift 37
	T_LEN	shift 38
	T_RAND	shift 39
	T_TRUNC	shift 40
	T_NEW	shift 41
	T_DISPOSE	shift 42
	T_ASSIGN	shift 46
	T_RESET	shift 47
	T_REWRITE	shift 48
	T_APPEND	shift 49
	T_CLOSE	shift 50
	T_EOF	shift 51
	T_EOLN	shift 52
	T_SETLEN	shift 53
	T_NIL	shift 54
	T_ORD	shift 55
	T_CHR	shift 56
	T_PI	shift 57
	.	error

	struct_exp	goto 89
	valid_identifier	goto 10
	var_const	goto 90
	routine	goto 91
	table_exp	goto 92
	statement	goto 161

state 86:

	condition : statement LE _ statement

	'('	shift 95
	'-'	shift 16
	'@'	shift 17
	L_REAL	shift 19
	L_BOOL	shift 20
	L_HEX	shift 21
	T_IDENTIFIER	shift 22
	L_INT	shift 23
	T_STRING	shift 24
	T_SIN	shift 29
	T_COS	shift 30
	T_TAN	shift 31
	T_COTAN	shift 32
	T_SQR	shift 33
	T_EXP	shift 34
	T_LN	shift 35
	T_ABS	shift 36
	T_SQRT	shift 37
	T_LEN	shift 38
	T_RAND	shift 39
	T_TRUNC	shift 40
	T_NEW	shift 41
	T_DISPOSE	shift 42
	T_ASSIGN	shift 46
	T_RESET	shift 47
	T_REWRITE	shift 48
	T_APPEND	shift 49
	T_CLOSE	shift 50
	T_EOF	shift 51
	T_EOLN	shift 52
	T_SETLEN	shift 53
	T_NIL	shift 54
	T_ORD	shift 55
	T_CHR	shift 56
	T_PI	shift 57
	.	error

	struct_exp	goto 89
	valid_identifier	goto 10
	var_const	goto 90
	routine	goto 91
	table_exp	goto 92
	statement	goto 162

state 87:

	condition : statement NE _ statement

	'('	shift 95
	'-'	shift 16
	'@'	shift 17
	L_REAL	shift 19
	L_BOOL	shift 20
	L_HEX	shift 21
	T_IDENTIFIER	shift 22
	L_INT	shift 23
	T_STRING	shift 24
	T_SIN	shift 29
	T_COS	shift 30
	T_TAN	shift 31
	T_COTAN	shift 32
	T_SQR	shift 33
	T_EXP	shift 34
	T_LN	shift 35
	T_ABS	shift 36
	T_SQRT	shift 37
	T_LEN	shift 38
	T_RAND	shift 39
	T_TRUNC	shift 40
	T_NEW	shift 41
	T_DISPOSE	shift 42
	T_ASSIGN	shift 46
	T_RESET	shift 47
	T_REWRITE	shift 48
	T_APPEND	shift 49
	T_CLOSE	shift 50
	T_EOF	shift 51
	T_EOLN	shift 52
	T_SETLEN	shift 53
	T_NIL	shift 54
	T_ORD	shift 55
	T_CHR	shift 56
	T_PI	shift 57
	.	error

	struct_exp	goto 89
	valid_identifier	goto 10
	var_const	goto 90
	routine	goto 91
	table_exp	goto 92
	statement	goto 163

state 88:

	condition : '(' condition _ ')'
	condition : condition _ T_AND condition
	condition : condition _ T_OR condition

	')'	shift 164
	T_OR	shift 64
	T_AND	shift 65
	.	error

state 89:

	statement : struct_exp _	(48)
	struct_exp : struct_exp _ '^'

	'^'	shift 67
	$end	reduce 48
	')'	reduce 48
	'*'	reduce 48
	'+'	reduce 48
	','	reduce 48
	'-'	reduce 48
	'/'	reduce 48
	':'	reduce 48
	';'	reduce 48
	'='	reduce 48
	']'	reduce 48
	T_OR	reduce 48
	T_AND	reduce 48
	T_DIV	reduce 48
	T_MOD	reduce 48
	GL	reduce 48
	GE	reduce 48
	LE	reduce 48
	NE	reduce 48
	T_DBLDOT	reduce 48
	.	error

state 90:

	statement : var_const _	(43)
	statement : var_const _ '^'
	struct_exp : var_const _ '.' valid_identifier
	struct_exp : var_const _ '^' '.' valid_identifier
	table_exp : var_const _ '[' table_index ']'

	'.'	shift 70
	'['	shift 71
	'^'	shift 165
	$end	reduce 43
	')'	reduce 43
	'*'	reduce 43
	'+'	reduce 43
	','	reduce 43
	'-'	reduce 43
	'/'	reduce 43
	':'	reduce 43
	';'	reduce 43
	'='	reduce 43
	']'	reduce 43
	T_OR	reduce 43
	T_AND	reduce 43
	T_DIV	reduce 43
	T_MOD	reduce 43
	GL	reduce 43
	GE	reduce 43
	LE	reduce 43
	NE	reduce 43
	T_DBLDOT	reduce 43
	.	error

state 91:

	statement : routine _	(44)

	.	reduce 44

state 92:

	statement : table_exp _	(45)
	struct_exp : table_exp _ '.' valid_identifier
	table_exp : table_exp _ '^'

	'.'	shift 74
	'^'	shift 75
	$end	reduce 45
	')'	reduce 45
	'*'	reduce 45
	'+'	reduce 45
	','	reduce 45
	'-'	reduce 45
	'/'	reduce 45
	':'	reduce 45
	';'	reduce 45
	'='	reduce 45
	']'	reduce 45
	T_OR	reduce 45
	T_AND	reduce 45
	T_DIV	reduce 45
	T_MOD	reduce 45
	GL	reduce 45
	GE	reduce 45
	LE	reduce 45
	NE	reduce 45
	T_DBLDOT	reduce 45
	.	error

state 93:

	statement : '(' statement _ ')'
	statement : statement _ '+' statement
	statement : statement _ '-' statement
	statement : statement _ '*' statement
	statement : statement _ '/' statement
	statement : statement _ T_DIV statement
	statement : statement _ T_MOD statement
	condition : statement _ '=' statement
	condition : statement _ GL statement
	condition : statement _ GE statement
	condition : statement _ LE statement
	condition : statement _ NE statement

	')'	shift 166
	'*'	shift 77
	'+'	shift 78
	'-'	shift 79
	'/'	shift 80
	'='	shift 81
	T_DIV	shift 82
	T_MOD	shift 83
	GL	shift 84
	GE	shift 85
	LE	shift 86
	NE	shift 87
	.	error

state 94:

	*** conflicts:

	shift 82, reduce 54 on T_DIV
	shift 83, reduce 54 on T_MOD

	statement : '-' statement _	(54)
	statement : statement _ '+' statement
	statement : statement _ '-' statement
	statement : statement _ '*' statement
	statement : statement _ '/' statement
	statement : statement _ T_DIV statement
	statement : statement _ T_MOD statement

	T_DIV	shift 82
	T_MOD	shift 83
	$end	reduce 54
	')'	reduce 54
	'*'	reduce 54
	'+'	reduce 54
	','	reduce 54
	'-'	reduce 54
	'/'	reduce 54
	':'	reduce 54
	';'	reduce 54
	'='	reduce 54
	']'	reduce 54
	T_OR	reduce 54
	T_AND	reduce 54
	GL	reduce 54
	GE	reduce 54
	LE	reduce 54
	NE	reduce 54
	T_DBLDOT	reduce 54
	.	error

state 95:

	statement : '(' _ statement ')'

	'('	shift 95
	'-'	shift 16
	'@'	shift 17
	L_REAL	shift 19
	L_BOOL	shift 20
	L_HEX	shift 21
	T_IDENTIFIER	shift 22
	L_INT	shift 23
	T_STRING	shift 24
	T_SIN	shift 29
	T_COS	shift 30
	T_TAN	shift 31
	T_COTAN	shift 32
	T_SQR	shift 33
	T_EXP	shift 34
	T_LN	shift 35
	T_ABS	shift 36
	T_SQRT	shift 37
	T_LEN	shift 38
	T_RAND	shift 39
	T_TRUNC	shift 40
	T_NEW	shift 41
	T_DISPOSE	shift 42
	T_ASSIGN	shift 46
	T_RESET	shift 47
	T_REWRITE	shift 48
	T_APPEND	shift 49
	T_CLOSE	shift 50
	T_EOF	shift 51
	T_EOLN	shift 52
	T_SETLEN	shift 53
	T_NIL	shift 54
	T_ORD	shift 55
	T_CHR	shift 56
	T_PI	shift 57
	.	error

	struct_exp	goto 89
	valid_identifier	goto 10
	var_const	goto 90
	routine	goto 91
	table_exp	goto 92
	statement	goto 167

state 96:

	statement : '@' struct_exp _	(53)
	struct_exp : struct_exp _ '^'

	'^'	shift 67
	$end	reduce 53
	')'	reduce 53
	'*'	reduce 53
	'+'	reduce 53
	','	reduce 53
	'-'	reduce 53
	'/'	reduce 53
	':'	reduce 53
	';'	reduce 53
	'='	reduce 53
	']'	reduce 53
	T_OR	reduce 53
	T_AND	reduce 53
	T_DIV	reduce 53
	T_MOD	reduce 53
	GL	reduce 53
	GE	reduce 53
	LE	reduce 53
	NE	reduce 53
	T_DBLDOT	reduce 53
	.	error

state 97:

	var_const : valid_identifier _	(72)

	.	reduce 72

state 98:

	statement : '@' var_const _	(51)
	struct_exp : var_const _ '.' valid_identifier
	struct_exp : var_const _ '^' '.' valid_identifier
	table_exp : var_const _ '[' table_index ']'

	'.'	shift 70
	'['	shift 71
	'^'	shift 168
	$end	reduce 51
	')'	reduce 51
	'*'	reduce 51
	'+'	reduce 51
	','	reduce 51
	'-'	reduce 51
	'/'	reduce 51
	':'	reduce 51
	';'	reduce 51
	'='	reduce 51
	']'	reduce 51
	T_OR	reduce 51
	T_AND	reduce 51
	T_DIV	reduce 51
	T_MOD	reduce 51
	GL	reduce 51
	GE	reduce 51
	LE	reduce 51
	NE	reduce 51
	T_DBLDOT	reduce 51
	.	error

state 99:

	statement : '@' table_exp _	(52)
	struct_exp : table_exp _ '.' valid_identifier
	table_exp : table_exp _ '^'

	'.'	shift 74
	'^'	shift 75
	$end	reduce 52
	')'	reduce 52
	'*'	reduce 52
	'+'	reduce 52
	','	reduce 52
	'-'	reduce 52
	'/'	reduce 52
	':'	reduce 52
	';'	reduce 52
	'='	reduce 52
	']'	reduce 52
	T_OR	reduce 52
	T_AND	reduce 52
	T_DIV	reduce 52
	T_MOD	reduce 52
	GL	reduce 52
	GE	reduce 52
	LE	reduce 52
	NE	reduce 52
	T_DBLDOT	reduce 52
	.	error

state 100:

	*** conflicts:

	shift 64, reduce 62 on T_OR
	shift 65, reduce 62 on T_AND

	condition : T_NOT condition _	(62)
	condition : condition _ T_AND condition
	condition : condition _ T_OR condition

	T_OR	shift 64
	T_AND	shift 65
	$end	reduce 62
	')'	reduce 62
	';'	reduce 62
	.	error

state 101:

	statement : statement _ '+' statement
	statement : statement _ '-' statement
	statement : statement _ '*' statement
	statement : statement _ '/' statement
	statement : statement _ T_DIV statement
	statement : statement _ T_MOD statement
	condition : statement _ '=' statement
	condition : statement _ GL statement
	condition : statement _ GE statement
	condition : statement _ LE statement
	condition : statement _ NE statement

	'*'	shift 77
	'+'	shift 78
	'-'	shift 79
	'/'	shift 80
	'='	shift 81
	T_DIV	shift 82
	T_MOD	shift 83
	GL	shift 84
	GE	shift 85
	LE	shift 86
	NE	shift 87
	.	error

state 102:

	input : T_READLN '(' _ list_read ')'
	input : T_READLN '(' _ ')'

	')'	shift 172
	T_IDENTIFIER	shift 22
	.	error

	list_read	goto 169
	valid_identifier	goto 97
	var_const	goto 170
	table_exp	goto 171

state 103:

	output : T_WRITELN '(' _ output_statement ')'
	output : T_WRITELN '(' _ ')'

	'('	shift 95
	')'	shift 175
	'-'	shift 16
	'@'	shift 17
	L_REAL	shift 19
	L_BOOL	shift 20
	L_HEX	shift 21
	T_IDENTIFIER	shift 22
	L_INT	shift 23
	T_STRING	shift 24
	T_SIN	shift 29
	T_COS	shift 30
	T_TAN	shift 31
	T_COTAN	shift 32
	T_SQR	shift 33
	T_EXP	shift 34
	T_LN	shift 35
	T_ABS	shift 36
	T_SQRT	shift 37
	T_LEN	shift 38
	T_RAND	shift 39
	T_TRUNC	shift 40
	T_NEW	shift 41
	T_DISPOSE	shift 42
	T_ASSIGN	shift 46
	T_RESET	shift 47
	T_REWRITE	shift 48
	T_APPEND	shift 49
	T_CLOSE	shift 50
	T_EOF	shift 51
	T_EOLN	shift 52
	T_SETLEN	shift 53
	T_NIL	shift 54
	T_ORD	shift 55
	T_CHR	shift 56
	T_PI	shift 57
	.	error

	struct_exp	goto 89
	valid_identifier	goto 10
	var_const	goto 90
	output_statement	goto 173
	routine	goto 91
	table_exp	goto 92
	statement	goto 174

state 104:

	input : T_READ '(' _ list_read ')'
	input : T_READ '(' _ ')'

	')'	shift 177
	T_IDENTIFIER	shift 22
	.	error

	list_read	goto 176
	valid_identifier	goto 97
	var_const	goto 170
	table_exp	goto 171

state 105:

	output : T_WRITE '(' _ output_statement ')'
	output : T_WRITE '(' _ ')'

	'('	shift 95
	')'	shift 179
	'-'	shift 16
	'@'	shift 17
	L_REAL	shift 19
	L_BOOL	shift 20
	L_HEX	shift 21
	T_IDENTIFIER	shift 22
	L_INT	shift 23
	T_STRING	shift 24
	T_SIN	shift 29
	T_COS	shift 30
	T_TAN	shift 31
	T_COTAN	shift 32
	T_SQR	shift 33
	T_EXP	shift 34
	T_LN	shift 35
	T_ABS	shift 36
	T_SQRT	shift 37
	T_LEN	shift 38
	T_RAND	shift 39
	T_TRUNC	shift 40
	T_NEW	shift 41
	T_DISPOSE	shift 42
	T_ASSIGN	shift 46
	T_RESET	shift 47
	T_REWRITE	shift 48
	T_APPEND	shift 49
	T_CLOSE	shift 50
	T_EOF	shift 51
	T_EOLN	shift 52
	T_SETLEN	shift 53
	T_NIL	shift 54
	T_ORD	shift 55
	T_CHR	shift 56
	T_PI	shift 57
	.	error

	struct_exp	goto 89
	valid_identifier	goto 10
	var_const	goto 90
	output_statement	goto 178
	routine	goto 91
	table_exp	goto 92
	statement	goto 174

state 106:

	routine : T_SIN '(' _ statement ')'

	'('	shift 95
	'-'	shift 16
	'@'	shift 17
	L_REAL	shift 19
	L_BOOL	shift 20
	L_HEX	shift 21
	T_IDENTIFIER	shift 22
	L_INT	shift 23
	T_STRING	shift 24
	T_SIN	shift 29
	T_COS	shift 30
	T_TAN	shift 31
	T_COTAN	shift 32
	T_SQR	shift 33
	T_EXP	shift 34
	T_LN	shift 35
	T_ABS	shift 36
	T_SQRT	shift 37
	T_LEN	shift 38
	T_RAND	shift 39
	T_TRUNC	shift 40
	T_NEW	shift 41
	T_DISPOSE	shift 42
	T_ASSIGN	shift 46
	T_RESET	shift 47
	T_REWRITE	shift 48
	T_APPEND	shift 49
	T_CLOSE	shift 50
	T_EOF	shift 51
	T_EOLN	shift 52
	T_SETLEN	shift 53
	T_NIL	shift 54
	T_ORD	shift 55
	T_CHR	shift 56
	T_PI	shift 57
	.	error

	struct_exp	goto 89
	valid_identifier	goto 10
	var_const	goto 90
	routine	goto 91
	table_exp	goto 92
	statement	goto 180

state 107:

	routine : T_COS '(' _ statement ')'

	'('	shift 95
	'-'	shift 16
	'@'	shift 17
	L_REAL	shift 19
	L_BOOL	shift 20
	L_HEX	shift 21
	T_IDENTIFIER	shift 22
	L_INT	shift 23
	T_STRING	shift 24
	T_SIN	shift 29
	T_COS	shift 30
	T_TAN	shift 31
	T_COTAN	shift 32
	T_SQR	shift 33
	T_EXP	shift 34
	T_LN	shift 35
	T_ABS	shift 36
	T_SQRT	shift 37
	T_LEN	shift 38
	T_RAND	shift 39
	T_TRUNC	shift 40
	T_NEW	shift 41
	T_DISPOSE	shift 42
	T_ASSIGN	shift 46
	T_RESET	shift 47
	T_REWRITE	shift 48
	T_APPEND	shift 49
	T_CLOSE	shift 50
	T_EOF	shift 51
	T_EOLN	shift 52
	T_SETLEN	shift 53
	T_NIL	shift 54
	T_ORD	shift 55
	T_CHR	shift 56
	T_PI	shift 57
	.	error

	struct_exp	goto 89
	valid_identifier	goto 10
	var_const	goto 90
	routine	goto 91
	table_exp	goto 92
	statement	goto 181

state 108:

	routine : T_TAN '(' _ statement ')'

	'('	shift 95
	'-'	shift 16
	'@'	shift 17
	L_REAL	shift 19
	L_BOOL	shift 20
	L_HEX	shift 21
	T_IDENTIFIER	shift 22
	L_INT	shift 23
	T_STRING	shift 24
	T_SIN	shift 29
	T_COS	shift 30
	T_TAN	shift 31
	T_COTAN	shift 32
	T_SQR	shift 33
	T_EXP	shift 34
	T_LN	shift 35
	T_ABS	shift 36
	T_SQRT	shift 37
	T_LEN	shift 38
	T_RAND	shift 39
	T_TRUNC	shift 40
	T_NEW	shift 41
	T_DISPOSE	shift 42
	T_ASSIGN	shift 46
	T_RESET	shift 47
	T_REWRITE	shift 48
	T_APPEND	shift 49
	T_CLOSE	shift 50
	T_EOF	shift 51
	T_EOLN	shift 52
	T_SETLEN	shift 53
	T_NIL	shift 54
	T_ORD	shift 55
	T_CHR	shift 56
	T_PI	shift 57
	.	error

	struct_exp	goto 89
	valid_identifier	goto 10
	var_const	goto 90
	routine	goto 91
	table_exp	goto 92
	statement	goto 182

state 109:

	routine : T_COTAN '(' _ statement ')'

	'('	shift 95
	'-'	shift 16
	'@'	shift 17
	L_REAL	shift 19
	L_BOOL	shift 20
	L_HEX	shift 21
	T_IDENTIFIER	shift 22
	L_INT	shift 23
	T_STRING	shift 24
	T_SIN	shift 29
	T_COS	shift 30
	T_TAN	shift 31
	T_COTAN	shift 32
	T_SQR	shift 33
	T_EXP	shift 34
	T_LN	shift 35
	T_ABS	shift 36
	T_SQRT	shift 37
	T_LEN	shift 38
	T_RAND	shift 39
	T_TRUNC	shift 40
	T_NEW	shift 41
	T_DISPOSE	shift 42
	T_ASSIGN	shift 46
	T_RESET	shift 47
	T_REWRITE	shift 48
	T_APPEND	shift 49
	T_CLOSE	shift 50
	T_EOF	shift 51
	T_EOLN	shift 52
	T_SETLEN	shift 53
	T_NIL	shift 54
	T_ORD	shift 55
	T_CHR	shift 56
	T_PI	shift 57
	.	error

	struct_exp	goto 89
	valid_identifier	goto 10
	var_const	goto 90
	routine	goto 91
	table_exp	goto 92
	statement	goto 183

state 110:

	routine : T_SQR '(' _ statement ')'

	'('	shift 95
	'-'	shift 16
	'@'	shift 17
	L_REAL	shift 19
	L_BOOL	shift 20
	L_HEX	shift 21
	T_IDENTIFIER	shift 22
	L_INT	shift 23
	T_STRING	shift 24
	T_SIN	shift 29
	T_COS	shift 30
	T_TAN	shift 31
	T_COTAN	shift 32
	T_SQR	shift 33
	T_EXP	shift 34
	T_LN	shift 35
	T_ABS	shift 36
	T_SQRT	shift 37
	T_LEN	shift 38
	T_RAND	shift 39
	T_TRUNC	shift 40
	T_NEW	shift 41
	T_DISPOSE	shift 42
	T_ASSIGN	shift 46
	T_RESET	shift 47
	T_REWRITE	shift 48
	T_APPEND	shift 49
	T_CLOSE	shift 50
	T_EOF	shift 51
	T_EOLN	shift 52
	T_SETLEN	shift 53
	T_NIL	shift 54
	T_ORD	shift 55
	T_CHR	shift 56
	T_PI	shift 57
	.	error

	struct_exp	goto 89
	valid_identifier	goto 10
	var_const	goto 90
	routine	goto 91
	table_exp	goto 92
	statement	goto 184

state 111:

	routine : T_EXP '(' _ statement ')'

	'('	shift 95
	'-'	shift 16
	'@'	shift 17
	L_REAL	shift 19
	L_BOOL	shift 20
	L_HEX	shift 21
	T_IDENTIFIER	shift 22
	L_INT	shift 23
	T_STRING	shift 24
	T_SIN	shift 29
	T_COS	shift 30
	T_TAN	shift 31
	T_COTAN	shift 32
	T_SQR	shift 33
	T_EXP	shift 34
	T_LN	shift 35
	T_ABS	shift 36
	T_SQRT	shift 37
	T_LEN	shift 38
	T_RAND	shift 39
	T_TRUNC	shift 40
	T_NEW	shift 41
	T_DISPOSE	shift 42
	T_ASSIGN	shift 46
	T_RESET	shift 47
	T_REWRITE	shift 48
	T_APPEND	shift 49
	T_CLOSE	shift 50
	T_EOF	shift 51
	T_EOLN	shift 52
	T_SETLEN	shift 53
	T_NIL	shift 54
	T_ORD	shift 55
	T_CHR	shift 56
	T_PI	shift 57
	.	error

	struct_exp	goto 89
	valid_identifier	goto 10
	var_const	goto 90
	routine	goto 91
	table_exp	goto 92
	statement	goto 185

state 112:

	routine : T_LN '(' _ statement ')'

	'('	shift 95
	'-'	shift 16
	'@'	shift 17
	L_REAL	shift 19
	L_BOOL	shift 20
	L_HEX	shift 21
	T_IDENTIFIER	shift 22
	L_INT	shift 23
	T_STRING	shift 24
	T_SIN	shift 29
	T_COS	shift 30
	T_TAN	shift 31
	T_COTAN	shift 32
	T_SQR	shift 33
	T_EXP	shift 34
	T_LN	shift 35
	T_ABS	shift 36
	T_SQRT	shift 37
	T_LEN	shift 38
	T_RAND	shift 39
	T_TRUNC	shift 40
	T_NEW	shift 41
	T_DISPOSE	shift 42
	T_ASSIGN	shift 46
	T_RESET	shift 47
	T_REWRITE	shift 48
	T_APPEND	shift 49
	T_CLOSE	shift 50
	T_EOF	shift 51
	T_EOLN	shift 52
	T_SETLEN	shift 53
	T_NIL	shift 54
	T_ORD	shift 55
	T_CHR	shift 56
	T_PI	shift 57
	.	error

	struct_exp	goto 89
	valid_identifier	goto 10
	var_const	goto 90
	routine	goto 91
	table_exp	goto 92
	statement	goto 186

state 113:

	routine : T_ABS '(' _ statement ')'

	'('	shift 95
	'-'	shift 16
	'@'	shift 17
	L_REAL	shift 19
	L_BOOL	shift 20
	L_HEX	shift 21
	T_IDENTIFIER	shift 22
	L_INT	shift 23
	T_STRING	shift 24
	T_SIN	shift 29
	T_COS	shift 30
	T_TAN	shift 31
	T_COTAN	shift 32
	T_SQR	shift 33
	T_EXP	shift 34
	T_LN	shift 35
	T_ABS	shift 36
	T_SQRT	shift 37
	T_LEN	shift 38
	T_RAND	shift 39
	T_TRUNC	shift 40
	T_NEW	shift 41
	T_DISPOSE	shift 42
	T_ASSIGN	shift 46
	T_RESET	shift 47
	T_REWRITE	shift 48
	T_APPEND	shift 49
	T_CLOSE	shift 50
	T_EOF	shift 51
	T_EOLN	shift 52
	T_SETLEN	shift 53
	T_NIL	shift 54
	T_ORD	shift 55
	T_CHR	shift 56
	T_PI	shift 57
	.	error

	struct_exp	goto 89
	valid_identifier	goto 10
	var_const	goto 90
	routine	goto 91
	table_exp	goto 92
	statement	goto 187

state 114:

	routine : T_SQRT '(' _ statement ')'

	'('	shift 95
	'-'	shift 16
	'@'	shift 17
	L_REAL	shift 19
	L_BOOL	shift 20
	L_HEX	shift 21
	T_IDENTIFIER	shift 22
	L_INT	shift 23
	T_STRING	shift 24
	T_SIN	shift 29
	T_COS	shift 30
	T_TAN	shift 31
	T_COTAN	shift 32
	T_SQR	shift 33
	T_EXP	shift 34
	T_LN	shift 35
	T_ABS	shift 36
	T_SQRT	shift 37
	T_LEN	shift 38
	T_RAND	shift 39
	T_TRUNC	shift 40
	T_NEW	shift 41
	T_DISPOSE	shift 42
	T_ASSIGN	shift 46
	T_RESET	shift 47
	T_REWRITE	shift 48
	T_APPEND	shift 49
	T_CLOSE	shift 50
	T_EOF	shift 51
	T_EOLN	shift 52
	T_SETLEN	shift 53
	T_NIL	shift 54
	T_ORD	shift 55
	T_CHR	shift 56
	T_PI	shift 57
	.	error

	struct_exp	goto 89
	valid_identifier	goto 10
	var_const	goto 90
	routine	goto 91
	table_exp	goto 92
	statement	goto 188

state 115:

	routine : T_LEN '(' _ statement ')'
	routine : T_LEN '(' _ var_const ')'

	'('	shift 95
	'-'	shift 16
	'@'	shift 17
	L_REAL	shift 19
	L_BOOL	shift 20
	L_HEX	shift 21
	T_IDENTIFIER	shift 22
	L_INT	shift 23
	T_STRING	shift 24
	T_SIN	shift 29
	T_COS	shift 30
	T_TAN	shift 31
	T_COTAN	shift 32
	T_SQR	shift 33
	T_EXP	shift 34
	T_LN	shift 35
	T_ABS	shift 36
	T_SQRT	shift 37
	T_LEN	shift 38
	T_RAND	shift 39
	T_TRUNC	shift 40
	T_NEW	shift 41
	T_DISPOSE	shift 42
	T_ASSIGN	shift 46
	T_RESET	shift 47
	T_REWRITE	shift 48
	T_APPEND	shift 49
	T_CLOSE	shift 50
	T_EOF	shift 51
	T_EOLN	shift 52
	T_SETLEN	shift 53
	T_NIL	shift 54
	T_ORD	shift 55
	T_CHR	shift 56
	T_PI	shift 57
	.	error

	struct_exp	goto 89
	valid_identifier	goto 10
	var_const	goto 189
	routine	goto 91
	table_exp	goto 92
	statement	goto 190

state 116:

	routine : T_RAND '(' _ '-' L_INT ')'
	routine : T_RAND '(' _ statement ')'

	'('	shift 95
	'-'	shift 192
	'@'	shift 17
	L_REAL	shift 19
	L_BOOL	shift 20
	L_HEX	shift 21
	T_IDENTIFIER	shift 22
	L_INT	shift 23
	T_STRING	shift 24
	T_SIN	shift 29
	T_COS	shift 30
	T_TAN	shift 31
	T_COTAN	shift 32
	T_SQR	shift 33
	T_EXP	shift 34
	T_LN	shift 35
	T_ABS	shift 36
	T_SQRT	shift 37
	T_LEN	shift 38
	T_RAND	shift 39
	T_TRUNC	shift 40
	T_NEW	shift 41
	T_DISPOSE	shift 42
	T_ASSIGN	shift 46
	T_RESET	shift 47
	T_REWRITE	shift 48
	T_APPEND	shift 49
	T_CLOSE	shift 50
	T_EOF	shift 51
	T_EOLN	shift 52
	T_SETLEN	shift 53
	T_NIL	shift 54
	T_ORD	shift 55
	T_CHR	shift 56
	T_PI	shift 57
	.	error

	struct_exp	goto 89
	valid_identifier	goto 10
	var_const	goto 90
	routine	goto 91
	table_exp	goto 92
	statement	goto 191

state 117:

	routine : T_TRUNC '(' _ statement ')'

	'('	shift 95
	'-'	shift 16
	'@'	shift 17
	L_REAL	shift 19
	L_BOOL	shift 20
	L_HEX	shift 21
	T_IDENTIFIER	shift 22
	L_INT	shift 23
	T_STRING	shift 24
	T_SIN	shift 29
	T_COS	shift 30
	T_TAN	shift 31
	T_COTAN	shift 32
	T_SQR	shift 33
	T_EXP	shift 34
	T_LN	shift 35
	T_ABS	shift 36
	T_SQRT	shift 37
	T_LEN	shift 38
	T_RAND	shift 39
	T_TRUNC	shift 40
	T_NEW	shift 41
	T_DISPOSE	shift 42
	T_ASSIGN	shift 46
	T_RESET	shift 47
	T_REWRITE	shift 48
	T_APPEND	shift 49
	T_CLOSE	shift 50
	T_EOF	shift 51
	T_EOLN	shift 52
	T_SETLEN	shift 53
	T_NIL	shift 54
	T_ORD	shift 55
	T_CHR	shift 56
	T_PI	shift 57
	.	error

	struct_exp	goto 89
	valid_identifier	goto 10
	var_const	goto 90
	routine	goto 91
	table_exp	goto 92
	statement	goto 193

state 118:

	routine : T_NEW '(' _ statement ')'

	'('	shift 95
	'-'	shift 16
	'@'	shift 17
	L_REAL	shift 19
	L_BOOL	shift 20
	L_HEX	shift 21
	T_IDENTIFIER	shift 22
	L_INT	shift 23
	T_STRING	shift 24
	T_SIN	shift 29
	T_COS	shift 30
	T_TAN	shift 31
	T_COTAN	shift 32
	T_SQR	shift 33
	T_EXP	shift 34
	T_LN	shift 35
	T_ABS	shift 36
	T_SQRT	shift 37
	T_LEN	shift 38
	T_RAND	shift 39
	T_TRUNC	shift 40
	T_NEW	shift 41
	T_DISPOSE	shift 42
	T_ASSIGN	shift 46
	T_RESET	shift 47
	T_REWRITE	shift 48
	T_APPEND	shift 49
	T_CLOSE	shift 50
	T_EOF	shift 51
	T_EOLN	shift 52
	T_SETLEN	shift 53
	T_NIL	shift 54
	T_ORD	shift 55
	T_CHR	shift 56
	T_PI	shift 57
	.	error

	struct_exp	goto 89
	valid_identifier	goto 10
	var_const	goto 90
	routine	goto 91
	table_exp	goto 92
	statement	goto 194

state 119:

	routine : T_DISPOSE '(' _ statement ')'

	'('	shift 95
	'-'	shift 16
	'@'	shift 17
	L_REAL	shift 19
	L_BOOL	shift 20
	L_HEX	shift 21
	T_IDENTIFIER	shift 22
	L_INT	shift 23
	T_STRING	shift 24
	T_SIN	shift 29
	T_COS	shift 30
	T_TAN	shift 31
	T_COTAN	shift 32
	T_SQR	shift 33
	T_EXP	shift 34
	T_LN	shift 35
	T_ABS	shift 36
	T_SQRT	shift 37
	T_LEN	shift 38
	T_RAND	shift 39
	T_TRUNC	shift 40
	T_NEW	shift 41
	T_DISPOSE	shift 42
	T_ASSIGN	shift 46
	T_RESET	shift 47
	T_REWRITE	shift 48
	T_APPEND	shift 49
	T_CLOSE	shift 50
	T_EOF	shift 51
	T_EOLN	shift 52
	T_SETLEN	shift 53
	T_NIL	shift 54
	T_ORD	shift 55
	T_CHR	shift 56
	T_PI	shift 57
	.	error

	struct_exp	goto 89
	valid_identifier	goto 10
	var_const	goto 90
	routine	goto 91
	table_exp	goto 92
	statement	goto 195

state 120:

	routine : T_ASSIGN '(' _ var_const ',' statement ')'

	T_IDENTIFIER	shift 22
	.	error

	valid_identifier	goto 97
	var_const	goto 196

state 121:

	routine : T_RESET '(' _ var_const ')'

	T_IDENTIFIER	shift 22
	.	error

	valid_identifier	goto 97
	var_const	goto 197

state 122:

	routine : T_REWRITE '(' _ var_const ')'

	T_IDENTIFIER	shift 22
	.	error

	valid_identifier	goto 97
	var_const	goto 198

state 123:

	routine : T_APPEND '(' _ var_const ')'

	T_IDENTIFIER	shift 22
	.	error

	valid_identifier	goto 97
	var_const	goto 199

state 124:

	routine : T_CLOSE '(' _ var_const ')'

	T_IDENTIFIER	shift 22
	.	error

	valid_identifier	goto 97
	var_const	goto 200

state 125:

	routine : T_EOF '(' _ var_const ')'

	T_IDENTIFIER	shift 22
	.	error

	valid_identifier	goto 97
	var_const	goto 201

state 126:

	routine : T_EOLN '(' _ var_const ')'

	T_IDENTIFIER	shift 22
	.	error

	valid_identifier	goto 97
	var_const	goto 202

state 127:

	routine : T_SETLEN '(' _ var_const ',' statement ')'

	T_IDENTIFIER	shift 22
	.	error

	valid_identifier	goto 97
	var_const	goto 203

state 128:

	routine : T_ORD '(' _ statement ')'

	'('	shift 95
	'-'	shift 16
	'@'	shift 17
	L_REAL	shift 19
	L_BOOL	shift 20
	L_HEX	shift 21
	T_IDENTIFIER	shift 22
	L_INT	shift 23
	T_STRING	shift 24
	T_SIN	shift 29
	T_COS	shift 30
	T_TAN	shift 31
	T_COTAN	shift 32
	T_SQR	shift 33
	T_EXP	shift 34
	T_LN	shift 35
	T_ABS	shift 36
	T_SQRT	shift 37
	T_LEN	shift 38
	T_RAND	shift 39
	T_TRUNC	shift 40
	T_NEW	shift 41
	T_DISPOSE	shift 42
	T_ASSIGN	shift 46
	T_RESET	shift 47
	T_REWRITE	shift 48
	T_APPEND	shift 49
	T_CLOSE	shift 50
	T_EOF	shift 51
	T_EOLN	shift 52
	T_SETLEN	shift 53
	T_NIL	shift 54
	T_ORD	shift 55
	T_CHR	shift 56
	T_PI	shift 57
	.	error

	struct_exp	goto 89
	valid_identifier	goto 10
	var_const	goto 90
	routine	goto 91
	table_exp	goto 92
	statement	goto 204

state 129:

	routine : T_CHR '(' _ statement ')'

	'('	shift 95
	'-'	shift 16
	'@'	shift 17
	L_REAL	shift 19
	L_BOOL	shift 20
	L_HEX	shift 21
	T_IDENTIFIER	shift 22
	L_INT	shift 23
	T_STRING	shift 24
	T_SIN	shift 29
	T_COS	shift 30
	T_TAN	shift 31
	T_COTAN	shift 32
	T_SQR	shift 33
	T_EXP	shift 34
	T_LN	shift 35
	T_ABS	shift 36
	T_SQRT	shift 37
	T_LEN	shift 38
	T_RAND	shift 39
	T_TRUNC	shift 40
	T_NEW	shift 41
	T_DISPOSE	shift 42
	T_ASSIGN	shift 46
	T_RESET	shift 47
	T_REWRITE	shift 48
	T_APPEND	shift 49
	T_CLOSE	shift 50
	T_EOF	shift 51
	T_EOLN	shift 52
	T_SETLEN	shift 53
	T_NIL	shift 54
	T_ORD	shift 55
	T_CHR	shift 56
	T_PI	shift 57
	.	error

	struct_exp	goto 89
	valid_identifier	goto 10
	var_const	goto 90
	routine	goto 91
	table_exp	goto 92
	statement	goto 205

state 130:

	range : range ',' statement _	(115)
	statement : statement _ '+' statement
	statement : statement _ '-' statement
	statement : statement _ '*' statement
	statement : statement _ '/' statement
	statement : statement _ T_DIV statement
	statement : statement _ T_MOD statement

	'*'	shift 77
	'+'	shift 78
	'-'	shift 79
	'/'	shift 80
	T_DIV	shift 82
	T_MOD	shift 83
	$end	reduce 115
	','	reduce 115
	T_DBLDOT	reduce 115
	.	error

state 131:

	*** conflicts:

	shift 59, reduce 117 on ','

	case : range T_DBLDOT range _	(117)
	range : range _ ',' statement

	','	shift 59
	$end	reduce 117
	.	error

state 132:

	statement : statement _ '+' statement
	statement : statement _ '-' statement
	statement : statement _ '*' statement
	statement : statement _ '/' statement
	statement : statement _ T_DIV statement
	statement : statement _ T_MOD statement
	range : statement _	(114)

	'*'	shift 77
	'+'	shift 78
	'-'	shift 79
	'/'	shift 80
	T_DIV	shift 82
	T_MOD	shift 83
	$end	reduce 114
	','	reduce 114
	T_DBLDOT	reduce 114
	.	error

state 133:

	*** conflicts:

	shift 59, reduce 116 on ','

	range : range _ ',' statement
	case : range _	(116)
	case : range _ T_DBLDOT range

	','	shift 59
	T_DBLDOT	shift 60
	$end	reduce 116
	.	error

state 134:

	*** conflicts:

	shift 61, reduce 118 on ','

	case : case ',' case _	(118)
	case : case _ ',' case

	','	shift 61
	$end	reduce 118
	.	error

state 135:

	condition : condition T_OR condition _	(64)
	condition : condition _ T_AND condition
	condition : condition _ T_OR condition

	T_AND	shift 65
	$end	reduce 64
	')'	reduce 64
	';'	reduce 64
	T_OR	reduce 64
	.	error

state 136:

	condition : condition T_AND condition _	(63)
	condition : condition _ T_AND condition
	condition : condition _ T_OR condition

	.	reduce 63

state 137:

	*** conflicts:

	shift 66, reduce 19 on ';'

	assignment : assignment ';' assignment _	(19)
	assignment : assignment _ ';'
	assignment : assignment _ ';' assignment

	';'	shift 66
	$end	reduce 19
	.	error

state 138:

	assignment : struct_exp _ T_ASSIGN_SIGN statement
	struct_exp : struct_exp _ '^'

	'^'	shift 67
	T_ASSIGN_SIGN	shift 68
	.	error

state 139:

	assignment : var_const _ T_ASSIGN_SIGN statement
	assignment : var_const _ '^' T_ASSIGN_SIGN statement
	assignment : var_const _ T_ASSIGN_SIGN condition
	struct_exp : var_const _ '.' valid_identifier
	struct_exp : var_const _ '^' '.' valid_identifier
	table_exp : var_const _ '[' table_index ']'

	'.'	shift 70
	'['	shift 71
	'^'	shift 206
	T_ASSIGN_SIGN	shift 73
	.	error

state 140:

	assignment : table_exp _ T_ASSIGN_SIGN statement
	struct_exp : table_exp _ '.' valid_identifier
	table_exp : table_exp _ '^'

	'.'	shift 74
	'^'	shift 75
	T_ASSIGN_SIGN	shift 76
	.	error

state 141:

	assignment : struct_exp T_ASSIGN_SIGN statement _	(16)
	statement : statement _ '+' statement
	statement : statement _ '-' statement
	statement : statement _ '*' statement
	statement : statement _ '/' statement
	statement : statement _ T_DIV statement
	statement : statement _ T_MOD statement

	'*'	shift 77
	'+'	shift 78
	'-'	shift 79
	'/'	shift 80
	T_DIV	shift 82
	T_MOD	shift 83
	$end	reduce 16
	';'	reduce 16
	.	error

state 142:

	routine : valid_identifier '(' parameters_list _ ')'
	parameters_list : parameters_list _ ',' statement

	')'	shift 207
	','	shift 208
	.	error

state 143:

	statement : statement _ '+' statement
	statement : statement _ '-' statement
	statement : statement _ '*' statement
	statement : statement _ '/' statement
	statement : statement _ T_DIV statement
	statement : statement _ T_MOD statement
	parameters_list : statement _	(100)

	'*'	shift 77
	'+'	shift 78
	'-'	shift 79
	'/'	shift 80
	T_DIV	shift 82
	T_MOD	shift 83
	')'	reduce 100
	','	reduce 100
	.	error

state 144:

	struct_exp : var_const '.' valid_identifier _	(103)

	.	reduce 103

state 145:

	table_exp : var_const '[' table_index _ ']'
	table_index : table_index _ ',' table_index

	','	shift 209
	']'	shift 210
	.	error

state 146:

	statement : statement _ '+' statement
	statement : statement _ '-' statement
	statement : statement _ '*' statement
	statement : statement _ '/' statement
	statement : statement _ T_DIV statement
	statement : statement _ T_MOD statement
	table_index : statement _	(107)

	'*'	shift 77
	'+'	shift 78
	'-'	shift 79
	'/'	shift 80
	T_DIV	shift 82
	T_MOD	shift 83
	','	reduce 107
	']'	reduce 107
	.	error

state 147:

	struct_exp : var_const '^' '.' _ valid_identifier

	T_IDENTIFIER	shift 22
	.	error

	valid_identifier	goto 211

state 148:

	assignment : var_const '^' T_ASSIGN_SIGN _ statement

	'('	shift 95
	'-'	shift 16
	'@'	shift 17
	L_REAL	shift 19
	L_BOOL	shift 20
	L_HEX	shift 21
	T_IDENTIFIER	shift 22
	L_INT	shift 23
	T_STRING	shift 24
	T_SIN	shift 29
	T_COS	shift 30
	T_TAN	shift 31
	T_COTAN	shift 32
	T_SQR	shift 33
	T_EXP	shift 34
	T_LN	shift 35
	T_ABS	shift 36
	T_SQRT	shift 37
	T_LEN	shift 38
	T_RAND	shift 39
	T_TRUNC	shift 40
	T_NEW	shift 41
	T_DISPOSE	shift 42
	T_ASSIGN	shift 46
	T_RESET	shift 47
	T_REWRITE	shift 48
	T_APPEND	shift 49
	T_CLOSE	shift 50
	T_EOF	shift 51
	T_EOLN	shift 52
	T_SETLEN	shift 53
	T_NIL	shift 54
	T_ORD	shift 55
	T_CHR	shift 56
	T_PI	shift 57
	.	error

	struct_exp	goto 89
	valid_identifier	goto 10
	var_const	goto 90
	routine	goto 91
	table_exp	goto 92
	statement	goto 212

state 149:

	assignment : var_const T_ASSIGN_SIGN condition _	(17)
	condition : condition _ T_AND condition
	condition : condition _ T_OR condition

	T_OR	shift 64
	T_AND	shift 65
	$end	reduce 17
	';'	reduce 17
	.	error

state 150:

	assignment : var_const T_ASSIGN_SIGN statement _	(13)
	statement : statement _ '+' statement
	statement : statement _ '-' statement
	statement : statement _ '*' statement
	statement : statement _ '/' statement
	statement : statement _ T_DIV statement
	statement : statement _ T_MOD statement
	condition : statement _ '=' statement
	condition : statement _ GL statement
	condition : statement _ GE statement
	condition : statement _ LE statement
	condition : statement _ NE statement

	'*'	shift 77
	'+'	shift 78
	'-'	shift 79
	'/'	shift 80
	'='	shift 81
	T_DIV	shift 82
	T_MOD	shift 83
	GL	shift 84
	GE	shift 85
	LE	shift 86
	NE	shift 87
	$end	reduce 13
	';'	reduce 13
	.	error

state 151:

	struct_exp : table_exp '.' valid_identifier _	(105)

	.	reduce 105

state 152:

	assignment : table_exp T_ASSIGN_SIGN statement _	(15)
	statement : statement _ '+' statement
	statement : statement _ '-' statement
	statement : statement _ '*' statement
	statement : statement _ '/' statement
	statement : statement _ T_DIV statement
	statement : statement _ T_MOD statement

	'*'	shift 77
	'+'	shift 78
	'-'	shift 79
	'/'	shift 80
	T_DIV	shift 82
	T_MOD	shift 83
	$end	reduce 15
	';'	reduce 15
	.	error

state 153:

	*** conflicts:

	shift 82, reduce 57 on T_DIV
	shift 83, reduce 57 on T_MOD

	statement : statement '*' statement _	(57)
	statement : statement _ '+' statement
	statement : statement _ '-' statement
	statement : statement _ '*' statement
	statement : statement _ '/' statement
	statement : statement _ T_DIV statement
	statement : statement _ T_MOD statement

	T_DIV	shift 82
	T_MOD	shift 83
	$end	reduce 57
	')'	reduce 57
	'*'	reduce 57
	'+'	reduce 57
	','	reduce 57
	'-'	reduce 57
	'/'	reduce 57
	':'	reduce 57
	';'	reduce 57
	'='	reduce 57
	']'	reduce 57
	T_OR	reduce 57
	T_AND	reduce 57
	GL	reduce 57
	GE	reduce 57
	LE	reduce 57
	NE	reduce 57
	T_DBLDOT	reduce 57
	.	error

state 154:

	*** conflicts:

	shift 82, reduce 55 on T_DIV
	shift 83, reduce 55 on T_MOD

	statement : statement '+' statement _	(55)
	statement : statement _ '+' statement
	statement : statement _ '-' statement
	statement : statement _ '*' statement
	statement : statement _ '/' statement
	statement : statement _ T_DIV statement
	statement : statement _ T_MOD statement

	'*'	shift 77
	'/'	shift 80
	T_DIV	shift 82
	T_MOD	shift 83
	$end	reduce 55
	')'	reduce 55
	'+'	reduce 55
	','	reduce 55
	'-'	reduce 55
	':'	reduce 55
	';'	reduce 55
	'='	reduce 55
	']'	reduce 55
	T_OR	reduce 55
	T_AND	reduce 55
	GL	reduce 55
	GE	reduce 55
	LE	reduce 55
	NE	reduce 55
	T_DBLDOT	reduce 55
	.	error

state 155:

	*** conflicts:

	shift 82, reduce 56 on T_DIV
	shift 83, reduce 56 on T_MOD

	statement : statement '-' statement _	(56)
	statement : statement _ '+' statement
	statement : statement _ '-' statement
	statement : statement _ '*' statement
	statement : statement _ '/' statement
	statement : statement _ T_DIV statement
	statement : statement _ T_MOD statement

	'*'	shift 77
	'/'	shift 80
	T_DIV	shift 82
	T_MOD	shift 83
	$end	reduce 56
	')'	reduce 56
	'+'	reduce 56
	','	reduce 56
	'-'	reduce 56
	':'	reduce 56
	';'	reduce 56
	'='	reduce 56
	']'	reduce 56
	T_OR	reduce 56
	T_AND	reduce 56
	GL	reduce 56
	GE	reduce 56
	LE	reduce 56
	NE	reduce 56
	T_DBLDOT	reduce 56
	.	error

state 156:

	*** conflicts:

	shift 82, reduce 58 on T_DIV
	shift 83, reduce 58 on T_MOD

	statement : statement '/' statement _	(58)
	statement : statement _ '+' statement
	statement : statement _ '-' statement
	statement : statement _ '*' statement
	statement : statement _ '/' statement
	statement : statement _ T_DIV statement
	statement : statement _ T_MOD statement

	T_DIV	shift 82
	T_MOD	shift 83
	$end	reduce 58
	')'	reduce 58
	'*'	reduce 58
	'+'	reduce 58
	','	reduce 58
	'-'	reduce 58
	'/'	reduce 58
	':'	reduce 58
	';'	reduce 58
	'='	reduce 58
	']'	reduce 58
	T_OR	reduce 58
	T_AND	reduce 58
	GL	reduce 58
	GE	reduce 58
	LE	reduce 58
	NE	reduce 58
	T_DBLDOT	reduce 58
	.	error

state 157:

	condition : statement '=' statement _	(65)
	statement : statement _ '+' statement
	statement : statement _ '-' statement
	statement : statement _ '*' statement
	statement : statement _ '/' statement
	statement : statement _ T_DIV statement
	statement : statement _ T_MOD statement

	'*'	shift 77
	'+'	shift 78
	'-'	shift 79
	'/'	shift 80
	T_DIV	shift 82
	T_MOD	shift 83
	$end	reduce 65
	')'	reduce 65
	';'	reduce 65
	T_OR	reduce 65
	T_AND	reduce 65
	.	error

state 158:

	*** conflicts:

	shift 77, reduce 60 on '*'
	shift 78, reduce 60 on '+'
	shift 79, reduce 60 on '-'
	shift 80, reduce 60 on '/'
	shift 82, reduce 60 on T_DIV
	shift 83, reduce 60 on T_MOD

	statement : statement T_DIV statement _	(60)
	statement : statement _ '+' statement
	statement : statement _ '-' statement
	statement : statement _ '*' statement
	statement : statement _ '/' statement
	statement : statement _ T_DIV statement
	statement : statement _ T_MOD statement

	'*'	shift 77
	'+'	shift 78
	'-'	shift 79
	'/'	shift 80
	T_DIV	shift 82
	T_MOD	shift 83
	$end	reduce 60
	')'	reduce 60
	','	reduce 60
	':'	reduce 60
	';'	reduce 60
	'='	reduce 60
	']'	reduce 60
	T_OR	reduce 60
	T_AND	reduce 60
	GL	reduce 60
	GE	reduce 60
	LE	reduce 60
	NE	reduce 60
	T_DBLDOT	reduce 60
	.	error

state 159:

	*** conflicts:

	shift 77, reduce 61 on '*'
	shift 78, reduce 61 on '+'
	shift 79, reduce 61 on '-'
	shift 80, reduce 61 on '/'
	shift 82, reduce 61 on T_DIV
	shift 83, reduce 61 on T_MOD

	statement : statement T_MOD statement _	(61)
	statement : statement _ '+' statement
	statement : statement _ '-' statement
	statement : statement _ '*' statement
	statement : statement _ '/' statement
	statement : statement _ T_DIV statement
	statement : statement _ T_MOD statement

	'*'	shift 77
	'+'	shift 78
	'-'	shift 79
	'/'	shift 80
	T_DIV	shift 82
	T_MOD	shift 83
	$end	reduce 61
	')'	reduce 61
	','	reduce 61
	':'	reduce 61
	';'	reduce 61
	'='	reduce 61
	']'	reduce 61
	T_OR	reduce 61
	T_AND	reduce 61
	GL	reduce 61
	GE	reduce 61
	LE	reduce 61
	NE	reduce 61
	T_DBLDOT	reduce 61
	.	error

state 160:

	condition : statement GL statement _	(66)
	statement : statement _ '+' statement
	statement : statement _ '-' statement
	statement : statement _ '*' statement
	statement : statement _ '/' statement
	statement : statement _ T_DIV statement
	statement : statement _ T_MOD statement

	'*'	shift 77
	'+'	shift 78
	'-'	shift 79
	'/'	shift 80
	T_DIV	shift 82
	T_MOD	shift 83
	$end	reduce 66
	')'	reduce 66
	';'	reduce 66
	T_OR	reduce 66
	T_AND	reduce 66
	.	error

state 161:

	condition : statement GE statement _	(67)
	statement : statement _ '+' statement
	statement : statement _ '-' statement
	statement : statement _ '*' statement
	statement : statement _ '/' statement
	statement : statement _ T_DIV statement
	statement : statement _ T_MOD statement

	'*'	shift 77
	'+'	shift 78
	'-'	shift 79
	'/'	shift 80
	T_DIV	shift 82
	T_MOD	shift 83
	$end	reduce 67
	')'	reduce 67
	';'	reduce 67
	T_OR	reduce 67
	T_AND	reduce 67
	.	error

state 162:

	condition : statement LE statement _	(68)
	statement : statement _ '+' statement
	statement : statement _ '-' statement
	statement : statement _ '*' statement
	statement : statement _ '/' statement
	statement : statement _ T_DIV statement
	statement : statement _ T_MOD statement

	'*'	shift 77
	'+'	shift 78
	'-'	shift 79
	'/'	shift 80
	T_DIV	shift 82
	T_MOD	shift 83
	$end	reduce 68
	')'	reduce 68
	';'	reduce 68
	T_OR	reduce 68
	T_AND	reduce 68
	.	error

state 163:

	condition : statement NE statement _	(69)
	statement : statement _ '+' statement
	statement : statement _ '-' statement
	statement : statement _ '*' statement
	statement : statement _ '/' statement
	statement : statement _ T_DIV statement
	statement : statement _ T_MOD statement

	'*'	shift 77
	'+'	shift 78
	'-'	shift 79
	'/'	shift 80
	T_DIV	shift 82
	T_MOD	shift 83
	$end	reduce 69
	')'	reduce 69
	';'	reduce 69
	T_OR	reduce 69
	T_AND	reduce 69
	.	error

state 164:

	condition : '(' condition ')' _	(70)

	.	reduce 70

state 165:

	statement : var_const '^' _	(50)
	struct_exp : var_const '^' _ '.' valid_identifier

	'.'	shift 147
	$end	reduce 50
	')'	reduce 50
	'*'	reduce 50
	'+'	reduce 50
	','	reduce 50
	'-'	reduce 50
	'/'	reduce 50
	':'	reduce 50
	';'	reduce 50
	'='	reduce 50
	']'	reduce 50
	T_OR	reduce 50
	T_AND	reduce 50
	T_DIV	reduce 50
	T_MOD	reduce 50
	GL	reduce 50
	GE	reduce 50
	LE	reduce 50
	NE	reduce 50
	T_DBLDOT	reduce 50
	.	error

state 166:

	statement : '(' statement ')' _	(59)

	.	reduce 59

state 167:

	statement : '(' statement _ ')'
	statement : statement _ '+' statement
	statement : statement _ '-' statement
	statement : statement _ '*' statement
	statement : statement _ '/' statement
	statement : statement _ T_DIV statement
	statement : statement _ T_MOD statement

	')'	shift 166
	'*'	shift 77
	'+'	shift 78
	'-'	shift 79
	'/'	shift 80
	T_DIV	shift 82
	T_MOD	shift 83
	.	error

state 168:

	struct_exp : var_const '^' _ '.' valid_identifier

	'.'	shift 147
	.	error

state 169:

	input : T_READLN '(' list_read _ ')'
	list_read : list_read _ ',' list_read

	')'	shift 213
	','	shift 214
	.	error

state 170:

	list_read : var_const _	(28)
	list_read : var_const _ '^'
	table_exp : var_const _ '[' table_index ']'

	'['	shift 71
	'^'	shift 215
	')'	reduce 28
	','	reduce 28
	.	error

state 171:

	list_read : table_exp _	(30)
	table_exp : table_exp _ '^'

	'^'	shift 75
	')'	reduce 30
	','	reduce 30
	.	error

state 172:

	input : T_READLN '(' ')' _	(23)

	.	reduce 23

state 173:

	output : T_WRITELN '(' output_statement _ ')'
	output_statement : output_statement _ ':' statement
	output_statement : output_statement _ ',' output_statement

	')'	shift 216
	','	shift 217
	':'	shift 218
	.	error

state 174:

	statement : statement _ '+' statement
	statement : statement _ '-' statement
	statement : statement _ '*' statement
	statement : statement _ '/' statement
	statement : statement _ T_DIV statement
	statement : statement _ T_MOD statement
	output_statement : statement _	(111)

	'*'	shift 77
	'+'	shift 78
	'-'	shift 79
	'/'	shift 80
	T_DIV	shift 82
	T_MOD	shift 83
	')'	reduce 111
	','	reduce 111
	':'	reduce 111
	.	error

state 175:

	output : T_WRITELN '(' ')' _	(34)

	.	reduce 34

state 176:

	input : T_READ '(' list_read _ ')'
	list_read : list_read _ ',' list_read

	')'	shift 219
	','	shift 214
	.	error

state 177:

	input : T_READ '(' ')' _	(25)

	.	reduce 25

state 178:

	output : T_WRITE '(' output_statement _ ')'
	output_statement : output_statement _ ':' statement
	output_statement : output_statement _ ',' output_statement

	')'	shift 220
	','	shift 217
	':'	shift 218
	.	error

state 179:

	output : T_WRITE '(' ')' _	(35)

	.	reduce 35

state 180:

	routine : T_SIN '(' statement _ ')'
	statement : statement _ '+' statement
	statement : statement _ '-' statement
	statement : statement _ '*' statement
	statement : statement _ '/' statement
	statement : statement _ T_DIV statement
	statement : statement _ T_MOD statement

	')'	shift 221
	'*'	shift 77
	'+'	shift 78
	'-'	shift 79
	'/'	shift 80
	T_DIV	shift 82
	T_MOD	shift 83
	.	error

state 181:

	routine : T_COS '(' statement _ ')'
	statement : statement _ '+' statement
	statement : statement _ '-' statement
	statement : statement _ '*' statement
	statement : statement _ '/' statement
	statement : statement _ T_DIV statement
	statement : statement _ T_MOD statement

	')'	shift 222
	'*'	shift 77
	'+'	shift 78
	'-'	shift 79
	'/'	shift 80
	T_DIV	shift 82
	T_MOD	shift 83
	.	error

state 182:

	routine : T_TAN '(' statement _ ')'
	statement : statement _ '+' statement
	statement : statement _ '-' statement
	statement : statement _ '*' statement
	statement : statement _ '/' statement
	statement : statement _ T_DIV statement
	statement : statement _ T_MOD statement

	')'	shift 223
	'*'	shift 77
	'+'	shift 78
	'-'	shift 79
	'/'	shift 80
	T_DIV	shift 82
	T_MOD	shift 83
	.	error

state 183:

	routine : T_COTAN '(' statement _ ')'
	statement : statement _ '+' statement
	statement : statement _ '-' statement
	statement : statement _ '*' statement
	statement : statement _ '/' statement
	statement : statement _ T_DIV statement
	statement : statement _ T_MOD statement

	')'	shift 224
	'*'	shift 77
	'+'	shift 78
	'-'	shift 79
	'/'	shift 80
	T_DIV	shift 82
	T_MOD	shift 83
	.	error

state 184:

	routine : T_SQR '(' statement _ ')'
	statement : statement _ '+' statement
	statement : statement _ '-' statement
	statement : statement _ '*' statement
	statement : statement _ '/' statement
	statement : statement _ T_DIV statement
	statement : statement _ T_MOD statement

	')'	shift 225
	'*'	shift 77
	'+'	shift 78
	'-'	shift 79
	'/'	shift 80
	T_DIV	shift 82
	T_MOD	shift 83
	.	error

state 185:

	routine : T_EXP '(' statement _ ')'
	statement : statement _ '+' statement
	statement : statement _ '-' statement
	statement : statement _ '*' statement
	statement : statement _ '/' statement
	statement : statement _ T_DIV statement
	statement : statement _ T_MOD statement

	')'	shift 226
	'*'	shift 77
	'+'	shift 78
	'-'	shift 79
	'/'	shift 80
	T_DIV	shift 82
	T_MOD	shift 83
	.	error

state 186:

	routine : T_LN '(' statement _ ')'
	statement : statement _ '+' statement
	statement : statement _ '-' statement
	statement : statement _ '*' statement
	statement : statement _ '/' statement
	statement : statement _ T_DIV statement
	statement : statement _ T_MOD statement

	')'	shift 227
	'*'	shift 77
	'+'	shift 78
	'-'	shift 79
	'/'	shift 80
	T_DIV	shift 82
	T_MOD	shift 83
	.	error

state 187:

	routine : T_ABS '(' statement _ ')'
	statement : statement _ '+' statement
	statement : statement _ '-' statement
	statement : statement _ '*' statement
	statement : statement _ '/' statement
	statement : statement _ T_DIV statement
	statement : statement _ T_MOD statement

	')'	shift 228
	'*'	shift 77
	'+'	shift 78
	'-'	shift 79
	'/'	shift 80
	T_DIV	shift 82
	T_MOD	shift 83
	.	error

state 188:

	routine : T_SQRT '(' statement _ ')'
	statement : statement _ '+' statement
	statement : statement _ '-' statement
	statement : statement _ '*' statement
	statement : statement _ '/' statement
	statement : statement _ T_DIV statement
	statement : statement _ T_MOD statement

	')'	shift 229
	'*'	shift 77
	'+'	shift 78
	'-'	shift 79
	'/'	shift 80
	T_DIV	shift 82
	T_MOD	shift 83
	.	error

state 189:

	*** conflicts:

	shift 230, reduce 43 on ')'

	routine : T_LEN '(' var_const _ ')'
	statement : var_const _	(43)
	statement : var_const _ '^'
	struct_exp : var_const _ '.' valid_identifier
	struct_exp : var_const _ '^' '.' valid_identifier
	table_exp : var_const _ '[' table_index ']'

	')'	shift 230
	'.'	shift 70
	'['	shift 71
	'^'	shift 165
	'*'	reduce 43
	'+'	reduce 43
	'-'	reduce 43
	'/'	reduce 43
	T_DIV	reduce 43
	T_MOD	reduce 43
	.	error

state 190:

	routine : T_LEN '(' statement _ ')'
	statement : statement _ '+' statement
	statement : statement _ '-' statement
	statement : statement _ '*' statement
	statement : statement _ '/' statement
	statement : statement _ T_DIV statement
	statement : statement _ T_MOD statement

	')'	shift 231
	'*'	shift 77
	'+'	shift 78
	'-'	shift 79
	'/'	shift 80
	T_DIV	shift 82
	T_MOD	shift 83
	.	error

state 191:

	routine : T_RAND '(' statement _ ')'
	statement : statement _ '+' statement
	statement : statement _ '-' statement
	statement : statement _ '*' statement
	statement : statement _ '/' statement
	statement : statement _ T_DIV statement
	statement : statement _ T_MOD statement

	')'	shift 232
	'*'	shift 77
	'+'	shift 78
	'-'	shift 79
	'/'	shift 80
	T_DIV	shift 82
	T_MOD	shift 83
	.	error

state 192:

	routine : T_RAND '(' '-' _ L_INT ')'
	statement : '-' _ statement

	'('	shift 95
	'-'	shift 16
	'@'	shift 17
	L_REAL	shift 19
	L_BOOL	shift 20
	L_HEX	shift 21
	T_IDENTIFIER	shift 22
	L_INT	shift 233
	T_STRING	shift 24
	T_SIN	shift 29
	T_COS	shift 30
	T_TAN	shift 31
	T_COTAN	shift 32
	T_SQR	shift 33
	T_EXP	shift 34
	T_LN	shift 35
	T_ABS	shift 36
	T_SQRT	shift 37
	T_LEN	shift 38
	T_RAND	shift 39
	T_TRUNC	shift 40
	T_NEW	shift 41
	T_DISPOSE	shift 42
	T_ASSIGN	shift 46
	T_RESET	shift 47
	T_REWRITE	shift 48
	T_APPEND	shift 49
	T_CLOSE	shift 50
	T_EOF	shift 51
	T_EOLN	shift 52
	T_SETLEN	shift 53
	T_NIL	shift 54
	T_ORD	shift 55
	T_CHR	shift 56
	T_PI	shift 57
	.	error

	struct_exp	goto 89
	valid_identifier	goto 10
	var_const	goto 90
	routine	goto 91
	table_exp	goto 92
	statement	goto 94

state 193:

	routine : T_TRUNC '(' statement _ ')'
	statement : statement _ '+' statement
	statement : statement _ '-' statement
	statement : statement _ '*' statement
	statement : statement _ '/' statement
	statement : statement _ T_DIV statement
	statement : statement _ T_MOD statement

	')'	shift 234
	'*'	shift 77
	'+'	shift 78
	'-'	shift 79
	'/'	shift 80
	T_DIV	shift 82
	T_MOD	shift 83
	.	error

state 194:

	routine : T_NEW '(' statement _ ')'
	statement : statement _ '+' statement
	statement : statement _ '-' statement
	statement : statement _ '*' statement
	statement : statement _ '/' statement
	statement : statement _ T_DIV statement
	statement : statement _ T_MOD statement

	')'	shift 235
	'*'	shift 77
	'+'	shift 78
	'-'	shift 79
	'/'	shift 80
	T_DIV	shift 82
	T_MOD	shift 83
	.	error

state 195:

	routine : T_DISPOSE '(' statement _ ')'
	statement : statement _ '+' statement
	statement : statement _ '-' statement
	statement : statement _ '*' statement
	statement : statement _ '/' statement
	statement : statement _ T_DIV statement
	statement : statement _ T_MOD statement

	')'	shift 236
	'*'	shift 77
	'+'	shift 78
	'-'	shift 79
	'/'	shift 80
	T_DIV	shift 82
	T_MOD	shift 83
	.	error

state 196:

	routine : T_ASSIGN '(' var_const _ ',' statement ')'

	','	shift 237
	.	error

state 197:

	routine : T_RESET '(' var_const _ ')'

	')'	shift 238
	.	error

state 198:

	routine : T_REWRITE '(' var_const _ ')'

	')'	shift 239
	.	error

state 199:

	routine : T_APPEND '(' var_const _ ')'

	')'	shift 240
	.	error

state 200:

	routine : T_CLOSE '(' var_const _ ')'

	')'	shift 241
	.	error

state 201:

	routine : T_EOF '(' var_const _ ')'

	')'	shift 242
	.	error

state 202:

	routine : T_EOLN '(' var_const _ ')'

	')'	shift 243
	.	error

state 203:

	routine : T_SETLEN '(' var_const _ ',' statement ')'

	','	shift 244
	.	error

state 204:

	routine : T_ORD '(' statement _ ')'
	statement : statement _ '+' statement
	statement : statement _ '-' statement
	statement : statement _ '*' statement
	statement : statement _ '/' statement
	statement : statement _ T_DIV statement
	statement : statement _ T_MOD statement

	')'	shift 245
	'*'	shift 77
	'+'	shift 78
	'-'	shift 79
	'/'	shift 80
	T_DIV	shift 82
	T_MOD	shift 83
	.	error

state 205:

	routine : T_CHR '(' statement _ ')'
	statement : statement _ '+' statement
	statement : statement _ '-' statement
	statement : statement _ '*' statement
	statement : statement _ '/' statement
	statement : statement _ T_DIV statement
	statement : statement _ T_MOD statement

	')'	shift 246
	'*'	shift 77
	'+'	shift 78
	'-'	shift 79
	'/'	shift 80
	T_DIV	shift 82
	T_MOD	shift 83
	.	error

state 206:

	assignment : var_const '^' _ T_ASSIGN_SIGN statement
	struct_exp : var_const '^' _ '.' valid_identifier

	'.'	shift 147
	T_ASSIGN_SIGN	shift 148
	.	error

state 207:

	routine : valid_identifier '(' parameters_list ')' _	(73)

	.	reduce 73

state 208:

	parameters_list : parameters_list ',' _ statement

	'('	shift 95
	'-'	shift 16
	'@'	shift 17
	L_REAL	shift 19
	L_BOOL	shift 20
	L_HEX	shift 21
	T_IDENTIFIER	shift 22
	L_INT	shift 23
	T_STRING	shift 24
	T_SIN	shift 29
	T_COS	shift 30
	T_TAN	shift 31
	T_COTAN	shift 32
	T_SQR	shift 33
	T_EXP	shift 34
	T_LN	shift 35
	T_ABS	shift 36
	T_SQRT	shift 37
	T_LEN	shift 38
	T_RAND	shift 39
	T_TRUNC	shift 40
	T_NEW	shift 41
	T_DISPOSE	shift 42
	T_ASSIGN	shift 46
	T_RESET	shift 47
	T_REWRITE	shift 48
	T_APPEND	shift 49
	T_CLOSE	shift 50
	T_EOF	shift 51
	T_EOLN	shift 52
	T_SETLEN	shift 53
	T_NIL	shift 54
	T_ORD	shift 55
	T_CHR	shift 56
	T_PI	shift 57
	.	error

	struct_exp	goto 89
	valid_identifier	goto 10
	var_const	goto 90
	routine	goto 91
	table_exp	goto 92
	statement	goto 247

state 209:

	table_index : table_index ',' _ table_index

	'('	shift 95
	'-'	shift 16
	'@'	shift 17
	L_REAL	shift 19
	L_BOOL	shift 20
	L_HEX	shift 21
	T_IDENTIFIER	shift 22
	L_INT	shift 23
	T_STRING	shift 24
	T_SIN	shift 29
	T_COS	shift 30
	T_TAN	shift 31
	T_COTAN	shift 32
	T_SQR	shift 33
	T_EXP	shift 34
	T_LN	shift 35
	T_ABS	shift 36
	T_SQRT	shift 37
	T_LEN	shift 38
	T_RAND	shift 39
	T_TRUNC	shift 40
	T_NEW	shift 41
	T_DISPOSE	shift 42
	T_ASSIGN	shift 46
	T_RESET	shift 47
	T_REWRITE	shift 48
	T_APPEND	shift 49
	T_CLOSE	shift 50
	T_EOF	shift 51
	T_EOLN	shift 52
	T_SETLEN	shift 53
	T_NIL	shift 54
	T_ORD	shift 55
	T_CHR	shift 56
	T_PI	shift 57
	.	error

	table_index	goto 248
	struct_exp	goto 89
	valid_identifier	goto 10
	var_const	goto 90
	routine	goto 91
	table_exp	goto 92
	statement	goto 146

state 210:

	table_exp : var_const '[' table_index ']' _	(109)

	.	reduce 109

state 211:

	struct_exp : var_const '^' '.' valid_identifier _	(104)

	.	reduce 104

state 212:

	assignment : var_const '^' T_ASSIGN_SIGN statement _	(14)
	statement : statement _ '+' statement
	statement : statement _ '-' statement
	statement : statement _ '*' statement
	statement : statement _ '/' statement
	statement : statement _ T_DIV statement
	statement : statement _ T_MOD statement

	'*'	shift 77
	'+'	shift 78
	'-'	shift 79
	'/'	shift 80
	T_DIV	shift 82
	T_MOD	shift 83
	$end	reduce 14
	';'	reduce 14
	.	error

state 213:

	input : T_READLN '(' list_read ')' _	(21)

	.	reduce 21

state 214:

	list_read : list_read ',' _ list_read

	T_IDENTIFIER	shift 22
	.	error

	list_read	goto 249
	valid_identifier	goto 97
	var_const	goto 170
	table_exp	goto 171

state 215:

	list_read : var_const '^' _	(29)

	.	reduce 29

state 216:

	output : T_WRITELN '(' output_statement ')' _	(32)

	.	reduce 32

state 217:

	output_statement : output_statement ',' _ output_statement

	'('	shift 95
	'-'	shift 16
	'@'	shift 17
	L_REAL	shift 19
	L_BOOL	shift 20
	L_HEX	shift 21
	T_IDENTIFIER	shift 22
	L_INT	shift 23
	T_STRING	shift 24
	T_SIN	shift 29
	T_COS	shift 30
	T_TAN	shift 31
	T_COTAN	shift 32
	T_SQR	shift 33
	T_EXP	shift 34
	T_LN	shift 35
	T_ABS	shift 36
	T_SQRT	shift 37
	T_LEN	shift 38
	T_RAND	shift 39
	T_TRUNC	shift 40
	T_NEW	shift 41
	T_DISPOSE	shift 42
	T_ASSIGN	shift 46
	T_RESET	shift 47
	T_REWRITE	shift 48
	T_APPEND	shift 49
	T_CLOSE	shift 50
	T_EOF	shift 51
	T_EOLN	shift 52
	T_SETLEN	shift 53
	T_NIL	shift 54
	T_ORD	shift 55
	T_CHR	shift 56
	T_PI	shift 57
	.	error

	struct_exp	goto 89
	valid_identifier	goto 10
	var_const	goto 90
	output_statement	goto 250
	routine	goto 91
	table_exp	goto 92
	statement	goto 174

state 218:

	output_statement : output_statement ':' _ statement

	'('	shift 95
	'-'	shift 16
	'@'	shift 17
	L_REAL	shift 19
	L_BOOL	shift 20
	L_HEX	shift 21
	T_IDENTIFIER	shift 22
	L_INT	shift 23
	T_STRING	shift 24
	T_SIN	shift 29
	T_COS	shift 30
	T_TAN	shift 31
	T_COTAN	shift 32
	T_SQR	shift 33
	T_EXP	shift 34
	T_LN	shift 35
	T_ABS	shift 36
	T_SQRT	shift 37
	T_LEN	shift 38
	T_RAND	shift 39
	T_TRUNC	shift 40
	T_NEW	shift 41
	T_DISPOSE	shift 42
	T_ASSIGN	shift 46
	T_RESET	shift 47
	T_REWRITE	shift 48
	T_APPEND	shift 49
	T_CLOSE	shift 50
	T_EOF	shift 51
	T_EOLN	shift 52
	T_SETLEN	shift 53
	T_NIL	shift 54
	T_ORD	shift 55
	T_CHR	shift 56
	T_PI	shift 57
	.	error

	struct_exp	goto 89
	valid_identifier	goto 10
	var_const	goto 90
	routine	goto 91
	table_exp	goto 92
	statement	goto 251

state 219:

	input : T_READ '(' list_read ')' _	(22)

	.	reduce 22

state 220:

	output : T_WRITE '(' output_statement ')' _	(33)

	.	reduce 33

state 221:

	routine : T_SIN '(' statement ')' _	(76)

	.	reduce 76

state 222:

	routine : T_COS '(' statement ')' _	(77)

	.	reduce 77

state 223:

	routine : T_TAN '(' statement ')' _	(78)

	.	reduce 78

state 224:

	routine : T_COTAN '(' statement ')' _	(79)

	.	reduce 79

state 225:

	routine : T_SQR '(' statement ')' _	(88)

	.	reduce 88

state 226:

	routine : T_EXP '(' statement ')' _	(83)

	.	reduce 83

state 227:

	routine : T_LN '(' statement ')' _	(82)

	.	reduce 82

state 228:

	routine : T_ABS '(' statement ')' _	(80)

	.	reduce 80

state 229:

	routine : T_SQRT '(' statement ')' _	(81)

	.	reduce 81

state 230:

	routine : T_LEN '(' var_const ')' _	(85)

	.	reduce 85

state 231:

	routine : T_LEN '(' statement ')' _	(84)

	.	reduce 84

state 232:

	routine : T_RAND '(' statement ')' _	(87)

	.	reduce 87

state 233:

	*** conflicts:

	shift 252, reduce 39 on ')'

	routine : T_RAND '(' '-' L_INT _ ')'
	statement : L_INT _	(39)

	')'	shift 252
	'*'	reduce 39
	'+'	reduce 39
	'-'	reduce 39
	'/'	reduce 39
	T_DIV	reduce 39
	T_MOD	reduce 39
	.	error

state 234:

	routine : T_TRUNC '(' statement ')' _	(89)

	.	reduce 89

state 235:

	routine : T_NEW '(' statement ')' _	(74)

	.	reduce 74

state 236:

	routine : T_DISPOSE '(' statement ')' _	(75)

	.	reduce 75

state 237:

	routine : T_ASSIGN '(' var_const ',' _ statement ')'

	'('	shift 95
	'-'	shift 16
	'@'	shift 17
	L_REAL	shift 19
	L_BOOL	shift 20
	L_HEX	shift 21
	T_IDENTIFIER	shift 22
	L_INT	shift 23
	T_STRING	shift 24
	T_SIN	shift 29
	T_COS	shift 30
	T_TAN	shift 31
	T_COTAN	shift 32
	T_SQR	shift 33
	T_EXP	shift 34
	T_LN	shift 35
	T_ABS	shift 36
	T_SQRT	shift 37
	T_LEN	shift 38
	T_RAND	shift 39
	T_TRUNC	shift 40
	T_NEW	shift 41
	T_DISPOSE	shift 42
	T_ASSIGN	shift 46
	T_RESET	shift 47
	T_REWRITE	shift 48
	T_APPEND	shift 49
	T_CLOSE	shift 50
	T_EOF	shift 51
	T_EOLN	shift 52
	T_SETLEN	shift 53
	T_NIL	shift 54
	T_ORD	shift 55
	T_CHR	shift 56
	T_PI	shift 57
	.	error

	struct_exp	goto 89
	valid_identifier	goto 10
	var_const	goto 90
	routine	goto 91
	table_exp	goto 92
	statement	goto 253

state 238:

	routine : T_RESET '(' var_const ')' _	(92)

	.	reduce 92

state 239:

	routine : T_REWRITE '(' var_const ')' _	(93)

	.	reduce 93

state 240:

	routine : T_APPEND '(' var_const ')' _	(94)

	.	reduce 94

state 241:

	routine : T_CLOSE '(' var_const ')' _	(91)

	.	reduce 91

state 242:

	routine : T_EOF '(' var_const ')' _	(95)

	.	reduce 95

state 243:

	routine : T_EOLN '(' var_const ')' _	(96)

	.	reduce 96

state 244:

	routine : T_SETLEN '(' var_const ',' _ statement ')'

	'('	shift 95
	'-'	shift 16
	'@'	shift 17
	L_REAL	shift 19
	L_BOOL	shift 20
	L_HEX	shift 21
	T_IDENTIFIER	shift 22
	L_INT	shift 23
	T_STRING	shift 24
	T_SIN	shift 29
	T_COS	shift 30
	T_TAN	shift 31
	T_COTAN	shift 32
	T_SQR	shift 33
	T_EXP	shift 34
	T_LN	shift 35
	T_ABS	shift 36
	T_SQRT	shift 37
	T_LEN	shift 38
	T_RAND	shift 39
	T_TRUNC	shift 40
	T_NEW	shift 41
	T_DISPOSE	shift 42
	T_ASSIGN	shift 46
	T_RESET	shift 47
	T_REWRITE	shift 48
	T_APPEND	shift 49
	T_CLOSE	shift 50
	T_EOF	shift 51
	T_EOLN	shift 52
	T_SETLEN	shift 53
	T_NIL	shift 54
	T_ORD	shift 55
	T_CHR	shift 56
	T_PI	shift 57
	.	error

	struct_exp	goto 89
	valid_identifier	goto 10
	var_const	goto 90
	routine	goto 91
	table_exp	goto 92
	statement	goto 254

state 245:

	routine : T_ORD '(' statement ')' _	(98)

	.	reduce 98

state 246:

	routine : T_CHR '(' statement ')' _	(99)

	.	reduce 99

state 247:

	parameters_list : parameters_list ',' statement _	(101)
	statement : statement _ '+' statement
	statement : statement _ '-' statement
	statement : statement _ '*' statement
	statement : statement _ '/' statement
	statement : statement _ T_DIV statement
	statement : statement _ T_MOD statement

	'*'	shift 77
	'+'	shift 78
	'-'	shift 79
	'/'	shift 80
	T_DIV	shift 82
	T_MOD	shift 83
	')'	reduce 101
	','	reduce 101
	.	error

state 248:

	*** conflicts:

	shift 209, reduce 108 on ','

	table_index : table_index ',' table_index _	(108)
	table_index : table_index _ ',' table_index

	','	shift 209
	']'	reduce 108
	.	error

state 249:

	*** conflicts:

	shift 214, reduce 31 on ','

	list_read : list_read ',' list_read _	(31)
	list_read : list_read _ ',' list_read

	','	shift 214
	')'	reduce 31
	.	error

state 250:

	*** conflicts:

	shift 217, reduce 113 on ','
	shift 218, reduce 113 on ':'

	output_statement : output_statement ',' output_statement _	(113)
	output_statement : output_statement _ ':' statement
	output_statement : output_statement _ ',' output_statement

	','	shift 217
	':'	shift 218
	')'	reduce 113
	.	error

state 251:

	output_statement : output_statement ':' statement _	(112)
	statement : statement _ '+' statement
	statement : statement _ '-' statement
	statement : statement _ '*' statement
	statement : statement _ '/' statement
	statement : statement _ T_DIV statement
	statement : statement _ T_MOD statement

	'*'	shift 77
	'+'	shift 78
	'-'	shift 79
	'/'	shift 80
	T_DIV	shift 82
	T_MOD	shift 83
	')'	reduce 112
	','	reduce 112
	':'	reduce 112
	.	error

state 252:

	routine : T_RAND '(' '-' L_INT ')' _	(86)

	.	reduce 86

state 253:

	routine : T_ASSIGN '(' var_const ',' statement _ ')'
	statement : statement _ '+' statement
	statement : statement _ '-' statement
	statement : statement _ '*' statement
	statement : statement _ '/' statement
	statement : statement _ T_DIV statement
	statement : statement _ T_MOD statement

	')'	shift 255
	'*'	shift 77
	'+'	shift 78
	'-'	shift 79
	'/'	shift 80
	T_DIV	shift 82
	T_MOD	shift 83
	.	error

state 254:

	routine : T_SETLEN '(' var_const ',' statement _ ')'
	statement : statement _ '+' statement
	statement : statement _ '-' statement
	statement : statement _ '*' statement
	statement : statement _ '/' statement
	statement : statement _ T_DIV statement
	statement : statement _ T_MOD statement

	')'	shift 256
	'*'	shift 77
	'+'	shift 78
	'-'	shift 79
	'/'	shift 80
	T_DIV	shift 82
	T_MOD	shift 83
	.	error

state 255:

	routine : T_ASSIGN '(' var_const ',' statement ')' _	(90)

	.	reduce 90

state 256:

	routine : T_SETLEN '(' var_const ',' statement ')' _	(97)

	.	reduce 97

35 shift/reduce conflicts.
4 reduce/reduce conflicts.
1 rules never reduced.

*** rules never reduced:

err : ILLEGAL	(119)
